[06:30:01] === Daily ETL start ===
[06:30:01] --- Running --update ---
[06:33:51] $AVDL: possibly delisted; no price data found  (1d 2026-02-14 -> 2026-04-04)
[06:35:08] $BFK: possibly delisted; no price data found  (1d 2026-02-10 -> 2026-04-04)
[06:38:28] $CFLT: possibly delisted; no price data found  (1d 2026-03-18 -> 2026-04-04)
[06:39:02] $CIVI: possibly delisted; no price data found  (1d 2026-01-30 -> 2026-04-04) (Yahoo error = "No data found, symbol may be delisted")
[06:41:26] $CYBR: possibly delisted; no price data found  (1d 2026-02-14 -> 2026-04-04)
[06:42:48] $DMNID: possibly delisted; no price data found  (1d 2026-04-02 -> 2026-04-04) (Yahoo error = "No data found, symbol may be delisted")
[06:43:11] ­ƒöü Actualizando precios incrementales...
[06:43:11] [A ÔåÉ A] upserts: 1
[06:43:11] [AA ÔåÉ AA] upserts: 1
[06:43:11] [AAL ÔåÉ AAL] upserts: 1
[06:43:11] [AAON ÔåÉ AAON] upserts: 1
[06:43:11] [AAP ÔåÉ AAP] upserts: 1
[06:43:11] [AAPL ÔåÉ AAPL] upserts: 1
[06:43:11] [AAPX ÔåÉ AAPX] upserts: 1
[06:43:11] [AAXJ ÔåÉ AAXJ] upserts: 1
[06:43:11] [ABBV ÔåÉ ABBV] upserts: 1
[06:43:11] [ABCL ÔåÉ ABCL] upserts: 1
[06:43:11] [ABEV ÔåÉ ABEV] upserts: 1
[06:43:11] [ABM ÔåÉ ABM] upserts: 1
[06:43:11] [ABNB ÔåÉ ABNB] upserts: 1
[06:43:11] [ABR ÔåÉ ABR] upserts: 1
[06:43:11] [ABT ÔåÉ ABT] upserts: 1
[06:43:11] [ABVC ÔåÉ ABVC] upserts: 1
[06:43:11] [ACB ÔåÉ ACB] upserts: 1
[06:43:11] [ACET ÔåÉ ACET] upserts: 1
[06:43:11] [ACHR ÔåÉ ACHR] upserts: 1
[06:43:11] [ACI ÔåÉ ACI] upserts: 1
[06:43:11] [ACLS ÔåÉ ACLS] upserts: 1
[06:43:11] [ACM ÔåÉ ACM] upserts: 1
[06:43:11] [ACMR ÔåÉ ACMR] upserts: 1
[06:43:11] [ACN ÔåÉ ACN] upserts: 1
[06:43:11] [ACP ÔåÉ ACP] upserts: 1
[06:43:11] [ACT ÔåÉ ACT] upserts: 1
[06:43:11] [ACWI ÔåÉ ACWI] upserts: 1
[06:43:11] [ACWV ÔåÉ ACWV] upserts: 1
[06:43:11] [ACWX ÔåÉ ACWX] upserts: 1
[06:43:11] [ADAG ÔåÉ ADAG] upserts: 1
[06:43:11] [ADBE ÔåÉ ADBE] upserts: 1
[06:43:11] [ADC ÔåÉ ADC] upserts: 1
[06:43:11] [ADI ÔåÉ ADI] upserts: 1
[06:43:11] [ADM ÔåÉ ADM] upserts: 1
[06:43:11] [ADMA ÔåÉ ADMA] upserts: 1
[06:43:11] [ADP ÔåÉ ADP] upserts: 1
[06:43:11] [ADSK ÔåÉ ADSK] upserts: 1
[06:43:11] [ADT ÔåÉ ADT] upserts: 1
[06:43:11] [AEHR ÔåÉ AEHR] upserts: 1
[06:43:11] [AEM ÔåÉ AEM] upserts: 1
[06:43:12] [AEO ÔåÉ AEO] upserts: 1
[06:43:12] [AEP ÔåÉ AEP] upserts: 1
[06:43:12] [AER ÔåÉ AER] upserts: 1
[06:43:12] [AES ÔåÉ AES] upserts: 1
[06:43:12] [AETH ÔåÉ AETH] upserts: 1
[06:43:12] [AFCG ÔåÉ AFCG] upserts: 1
[06:43:12] [AFL ÔåÉ AFL] upserts: 1
[06:43:12] [AFRM ÔåÉ AFRM] upserts: 1
[06:43:12] [AG ÔåÉ AG] upserts: 1
[06:43:12] [AGCO ÔåÉ AGCO] upserts: 1
[06:43:12] [AGEN ÔåÉ AGEN] upserts: 1
[06:43:12] [AGG ÔåÉ AGG] upserts: 1
[06:43:12] [AGM ÔåÉ AGM] upserts: 1
[06:43:12] [AGNC ÔåÉ AGNC] upserts: 1
[06:43:12] [AGQ ÔåÉ AGQ] upserts: 1
[06:43:12] [AGRO ÔåÉ AGRO] upserts: 1
[06:43:12] [AGX ÔåÉ AGX] upserts: 1
[06:43:12] [AGZ ÔåÉ AGZ] upserts: 1
[06:43:12] [AI ÔåÉ AI] upserts: 1
[06:43:12] [AIA ÔåÉ AIA] upserts: 1
[06:43:12] [AIEQ ÔåÉ AIEQ] upserts: 1
[06:43:12] [AIP ÔåÉ AIP] upserts: 1
[06:43:12] [AIPI ÔåÉ AIPI] upserts: 1
[06:43:12] [AIRR ÔåÉ AIRR] upserts: 1
[06:43:12] [AL ÔåÉ AL] upserts: 1
[06:43:12] [ALAB ÔåÉ ALAB] upserts: 1
[06:43:12] [ALB ÔåÉ ALB] upserts: 1
[06:43:12] [ALGN ÔåÉ ALGN] upserts: 1
[06:43:12] [ALKS ÔåÉ ALKS] upserts: 1
[06:43:12] [ALKT ÔåÉ ALKT] upserts: 1
[06:43:12] [ALLY ÔåÉ ALLY] upserts: 1
[06:43:12] [ALNT ÔåÉ ALNT] upserts: 1
[06:43:12] [ALRM ÔåÉ ALRM] upserts: 1
[06:43:12] [ALTO ÔåÉ ALTO] upserts: 1
[06:43:12] [ALX ÔåÉ ALX] upserts: 1
[06:43:12] [AMAT ÔåÉ AMAT] upserts: 1
[06:43:12] [AMBA ÔåÉ AMBA] upserts: 1
[06:43:12] [AMC ÔåÉ AMC] upserts: 1
[06:43:12] [AMCR ÔåÉ AMCR] upserts: 1
[06:43:12] [AMD ÔåÉ AMD] upserts: 1
[06:43:12] [AMDY ÔåÉ AMDY] upserts: 1
[06:43:12] [AMGN ÔåÉ AMGN] upserts: 1
[06:43:12] [AMKR ÔåÉ AMKR] upserts: 1
[06:43:12] [AMN ÔåÉ AMN] upserts: 1
[06:43:12] [AMP ÔåÉ AMP] upserts: 1
[06:43:12] [AMPH ÔåÉ AMPH] upserts: 1
[06:43:12] [AMR ÔåÉ AMR] upserts: 1
[06:43:12] [AMRC ÔåÉ AMRC] upserts: 1
[06:43:12] [AMSC ÔåÉ AMSC] upserts: 1
[06:43:12] [AMT ÔåÉ AMT] upserts: 1
[06:43:12] [AMTX ÔåÉ AMTX] upserts: 1
[06:43:12] [AMX ÔåÉ AMX] upserts: 1
[06:43:12] [AMZN ÔåÉ AMZN] upserts: 1
[06:43:12] [AMZY ÔåÉ AMZY] upserts: 1
[06:43:12] [AMZZ ÔåÉ AMZZ] upserts: 1
[06:43:12] [AN ÔåÉ AN] upserts: 1
[06:43:12] [ANET ÔåÉ ANET] upserts: 1
[06:43:12] [ANF ÔåÉ ANF] upserts: 1
[06:43:12] [ANGI ÔåÉ ANGI] upserts: 1
[06:43:12] [ANGL ÔåÉ ANGL] upserts: 1
[06:43:12] [ANIP ÔåÉ ANIP] upserts: 1
[06:43:12] [AOA ÔåÉ AOA] upserts: 1
[06:43:12] [AOK ÔåÉ AOK] upserts: 1
[06:43:12] [AOM ÔåÉ AOM] upserts: 1
[06:43:12] [AOMR ÔåÉ AOMR] upserts: 1
[06:43:12] [AON ÔåÉ AON] upserts: 1
[06:43:12] [AOR ÔåÉ AOR] upserts: 1
[06:43:12] [AOS ÔåÉ AOS] upserts: 1
[06:43:12] [AOSL ÔåÉ AOSL] upserts: 1
[06:43:12] [APA ÔåÉ APA] upserts: 1
[06:43:12] [APD ÔåÉ APD] upserts: 1
[06:43:12] [APG ÔåÉ APG] upserts: 1
[06:43:12] [APH ÔåÉ APH] upserts: 1
[06:43:12] [APLD ÔåÉ APLD] upserts: 1
[06:43:12] [APLE ÔåÉ APLE] upserts: 1
[06:43:12] [APLS ÔåÉ APLS] upserts: 1
[06:43:12] [APLY ÔåÉ APLY] upserts: 1
[06:43:12] [APO ÔåÉ APO] upserts: 1
[06:43:12] [APP ÔåÉ APP] upserts: 1
[06:43:12] [APPF ÔåÉ APPF] upserts: 1
[06:43:12] [APPS ÔåÉ APPS] upserts: 1
[06:43:12] [APTV ÔåÉ APTV] upserts: 1
[06:43:12] [AQB ÔåÉ AQB] upserts: 1
[06:43:12] [AQLT ÔåÉ AQLT] upserts: 1
[06:43:12] [AQN ÔåÉ AQN] upserts: 1
[06:43:12] [AR ÔåÉ AR] upserts: 1
[06:43:12] [ARCC ÔåÉ ARCC] upserts: 1
[06:43:12] [ARCO ÔåÉ ARCO] upserts: 1
[06:43:12] [ARE ÔåÉ ARE] upserts: 1
[06:43:12] [ARES ÔåÉ ARES] upserts: 1
[06:43:12] [ARGT ÔåÉ ARGT] upserts: 1
[06:43:12] [ARGX ÔåÉ ARGX] upserts: 1
[06:43:12] [ARHS ÔåÉ ARHS] upserts: 1
[06:43:12] [ARIS ÔåÉ ARIS] upserts: 1
[06:43:12] [ARKB ÔåÉ ARKB] upserts: 1
[06:43:12] [ARKF ÔåÉ ARKF] upserts: 1
[06:43:12] [ARKG ÔåÉ ARKG] upserts: 1
[06:43:12] [ARKK ÔåÉ ARKK] upserts: 1
[06:43:12] [ARKQ ÔåÉ ARKQ] upserts: 1
[06:43:12] [ARKW ÔåÉ ARKW] upserts: 1
[06:43:12] [ARKX ÔåÉ ARKX] upserts: 1
[06:43:12] [ARM ÔåÉ ARM] upserts: 1
[06:43:12] [AROC ÔåÉ AROC] upserts: 1
[06:43:12] [ARR ÔåÉ ARR] upserts: 1
[06:43:12] [ARRY ÔåÉ ARRY] upserts: 1
[06:43:12] [ARTY ÔåÉ ARTY] upserts: 1
[06:43:12] [ASA ÔåÉ ASA] upserts: 1
[06:43:12] [ASAN ÔåÉ ASAN] upserts: 1
[06:43:12] [ASML ÔåÉ ASML] upserts: 1
[06:43:12] [ASND ÔåÉ ASND] upserts: 1
[06:43:12] [ASO ÔåÉ ASO] upserts: 1
[06:43:12] [ASPN ÔåÉ ASPN] upserts: 1
[06:43:12] [ASR ÔåÉ ASR] upserts: 1
[06:43:12] [ASRT ÔåÉ ASRT] upserts: 1
[06:43:12] [ASTS ÔåÉ ASTS] upserts: 1
[06:43:12] [ASUR ÔåÉ ASUR] upserts: 1
[06:43:12] [ASX ÔåÉ ASX] upserts: 1
[06:43:12] [ATEC ÔåÉ ATEC] upserts: 1
[06:43:12] [ATER ÔåÉ ATER] upserts: 1
[06:43:12] [ATEX ÔåÉ ATEX] upserts: 1
[06:43:12] [ATHM ÔåÉ ATHM] upserts: 1
[06:43:12] [ATI ÔåÉ ATI] upserts: 1
[06:43:12] [ATKR ÔåÉ ATKR] upserts: 1
[06:43:12] [ATO ÔåÉ ATO] upserts: 1
[06:43:12] [ATRO ÔåÉ ATRO] upserts: 1
[06:43:12] [AU ÔåÉ AU] upserts: 1
[06:43:12] [AUNA ÔåÉ AUNA] upserts: 1
[06:43:12] [AVAL ÔåÉ AVAL] upserts: 1
[06:43:12] [AVAV ÔåÉ AVAV] upserts: 1
[06:43:12] [AVDV ÔåÉ AVDV] upserts: 1
[06:43:12] [AVES ÔåÉ AVES] upserts: 1
[06:43:12] [AVGO ÔåÉ AVGO] upserts: 1
[06:43:12] [AVMC ÔåÉ AVMC] upserts: 1
[06:43:12] [AVNW ÔåÉ AVNW] upserts: 1
[06:43:12] [AVO ÔåÉ AVO] upserts: 1
[06:43:12] [AVT ÔåÉ AVT] upserts: 1
[06:43:12] [AVTR ÔåÉ AVTR] upserts: 1
[06:43:12] [AVUV ÔåÉ AVUV] upserts: 1
[06:43:12] [AVY ÔåÉ AVY] upserts: 1
[06:43:12] [AWAY ÔåÉ AWAY] upserts: 1
[06:43:12] [AWK ÔåÉ AWK] upserts: 1
[06:43:12] [AWR ÔåÉ AWR] upserts: 1
[06:43:12] [AX ÔåÉ AX] upserts: 1
[06:43:12] [AXON ÔåÉ AXON] upserts: 1
[06:43:12] [AXP ÔåÉ AXP] upserts: 1
[06:43:12] [AXSM ÔåÉ AXSM] upserts: 1
[06:43:12] [AZN ÔåÉ AZN] upserts: 1
[06:43:12] [AZO ÔåÉ AZO] upserts: 1
[06:43:12] [B ÔåÉ B] upserts: 1
[06:43:12] [BA ÔåÉ BA] upserts: 1
[06:43:12] [BABA ÔåÉ BABA] upserts: 1
[06:43:12] [BAC ÔåÉ BAC] upserts: 1
[06:43:12] [BAH ÔåÉ BAH] upserts: 1
[06:43:12] [BALI ÔåÉ BALI] upserts: 1
[06:43:12] [BAM ÔåÉ BAM] upserts: 1
[06:43:12] [BANC ÔåÉ BANC] upserts: 1
[06:43:12] [BAP ÔåÉ BAP] upserts: 1
[06:43:12] [BATT ÔåÉ BATT] upserts: 1
[06:43:12] [BAX ÔåÉ BAX] upserts: 1
[06:43:12] [BB ÔåÉ BB] upserts: 1
[06:43:12] [BBAI ÔåÉ BBAI] upserts: 1
[06:43:12] [BBAX ÔåÉ BBAX] upserts: 1
[06:43:12] [BBCA ÔåÉ BBCA] upserts: 1
[06:43:12] [BBD ÔåÉ BBD] upserts: 1
[06:43:12] [BBDC ÔåÉ BBDC] upserts: 1
[06:43:12] [BBEU ÔåÉ BBEU] upserts: 1
[06:43:12] [BBH ÔåÉ BBH] upserts: 1
[06:43:12] [BBIN ÔåÉ BBIN] upserts: 1
[06:43:12] [BBJP ÔåÉ BBJP] upserts: 1
[06:43:12] [BBNX ÔåÉ BBNX] upserts: 1
[06:43:12] [BBVA ÔåÉ BBVA] upserts: 1
[06:43:12] [BBY ÔåÉ BBY] upserts: 1
[06:43:12] [BC ÔåÉ BC] upserts: 1
[06:43:12] [BCC ÔåÉ BCC] upserts: 1
[06:43:12] [BCH ÔåÉ BCH] upserts: 1
[06:43:12] [BCS ÔåÉ BCS] upserts: 1
[06:43:12] [BDJ ÔåÉ BDJ] upserts: 1
[06:43:12] [BDN ÔåÉ BDN] upserts: 1
[06:43:12] [BDX ÔåÉ BDX] upserts: 1
[06:43:12] [BE ÔåÉ BE] upserts: 1
[06:43:12] [BEAM ÔåÉ BEAM] upserts: 1
[06:43:12] [BEKE ÔåÉ BEKE] upserts: 1
[06:43:12] [BELFB ÔåÉ BELFB] upserts: 1
[06:43:12] [BELT ÔåÉ BELT] upserts: 1
[06:43:12] [BEN ÔåÉ BEN] upserts: 1
[06:43:12] [BEP ÔåÉ BEP] upserts: 1
[06:43:12] [BETR ÔåÉ BETR] upserts: 1
[06:43:12] [BF-B ÔåÉ BF-B] upserts: 1
[06:43:12] [BFH ÔåÉ BFH] upserts: 1
[06:43:12] [BFLY ÔåÉ BFLY] upserts: 1
[06:43:12] [BGMS ÔåÉ BGMS] upserts: 1
[06:43:12] [BGRO ÔåÉ BGRO] upserts: 1
[06:43:12] [BHB ÔåÉ BHB] upserts: 1
[06:43:12] [BHC ÔåÉ BHC] upserts: 1
[06:43:12] [BHP ÔåÉ BHP] upserts: 1
[06:43:12] [BIB ÔåÉ BIB] upserts: 1
[06:43:12] [BIBL ÔåÉ BIBL] upserts: 1
[06:43:12] [BIDU ÔåÉ BIDU] upserts: 1
[06:43:12] [BIIB ÔåÉ BIIB] upserts: 1
[06:43:12] [BIL ÔåÉ BIL] upserts: 1
[06:43:12] [BILI ÔåÉ BILI] upserts: 1
[06:43:12] [BILL ÔåÉ BILL] upserts: 1
[06:43:12] [BINC ÔåÉ BINC] upserts: 1
[06:43:12] [BINI ÔåÉ BINI] upserts: 1
[06:43:12] [BIO ÔåÉ BIO] upserts: 1
[06:43:12] [BIP ÔåÉ BIP] upserts: 1
[06:43:12] [BIPC ÔåÉ BIPC] upserts: 1
[06:43:12] [BIRD ÔåÉ BIRD] upserts: 1
[06:43:12] [BIRK ÔåÉ BIRK] upserts: 1
[06:43:12] [BITB ÔåÉ BITB] upserts: 1
[06:43:12] [BITC ÔåÉ BITC] upserts: 1
[06:43:12] [BITF ÔåÉ BITF] upserts: 1
[06:43:12] [BITI ÔåÉ BITI] upserts: 1
[06:43:12] [BITO ÔåÉ BITO] upserts: 1
[06:43:12] [BITW ÔåÉ BITW] upserts: 1
[06:43:12] [BITX ÔåÉ BITX] upserts: 1
[06:43:12] [BIV ÔåÉ BIV] upserts: 1
[06:43:12] [BIZD ÔåÉ BIZD] upserts: 1
[06:43:12] [BJ ÔåÉ BJ] upserts: 1
[06:43:12] [BJDX ÔåÉ BJDX] upserts: 1
[06:43:12] [BK ÔåÉ BK] upserts: 1
[06:43:12] [BKE ÔåÉ BKE] upserts: 1
[06:43:12] [BKF ÔåÉ BKF] upserts: 1
[06:43:12] [BKH ÔåÉ BKH] upserts: 1
[06:43:12] [BKLN ÔåÉ BKLN] upserts: 1
[06:43:12] [BKNG ÔåÉ BKNG] upserts: 1
[06:43:12] [BKR ÔåÉ BKR] upserts: 1
[06:43:12] [BKSY ÔåÉ BKSY] upserts: 1
[06:43:12] [BKU ÔåÉ BKU] upserts: 1
[06:43:12] [BLBD ÔåÉ BLBD] upserts: 1
[06:43:12] [BLCN ÔåÉ BLCN] upserts: 1
[06:43:12] [BLCO ÔåÉ BLCO] upserts: 1
[06:43:12] [BLCV ÔåÉ BLCV] upserts: 1
[06:43:12] [BLDP ÔåÉ BLDP] upserts: 1
[06:43:12] [BLDR ÔåÉ BLDR] upserts: 1
[06:43:12] [BLK ÔåÉ BLK] upserts: 1
[06:43:12] [BLNK ÔåÉ BLNK] upserts: 1
[06:43:12] [BLOK ÔåÉ BLOK] upserts: 1
[06:43:12] [BLTE ÔåÉ BLTE] upserts: 1
[06:43:12] [BLV ÔåÉ BLV] upserts: 1
[06:43:12] [BLX ÔåÉ BLX] upserts: 1
[06:43:12] [BLZE ÔåÉ BLZE] upserts: 1
[06:43:12] [BMA ÔåÉ BMA] upserts: 1
[06:43:12] [BMBL ÔåÉ BMBL] upserts: 1
[06:43:12] [BME ÔåÉ BME] upserts: 1
[06:43:12] [BMI ÔåÉ BMI] upserts: 1
[06:43:12] [BMNR ÔåÉ BMNR] upserts: 1
[06:43:12] [BMO ÔåÉ BMO] upserts: 1
[06:43:12] [BMRN ÔåÉ BMRN] upserts: 1
[06:43:12] [BMY ÔåÉ BMY] upserts: 1
[06:43:12] [BN ÔåÉ BN] upserts: 1
[06:43:12] [BND ÔåÉ BND] upserts: 1
[06:43:12] [BNDW ÔåÉ BNDW] upserts: 1
[06:43:12] [BNDX ÔåÉ BNDX] upserts: 1
[06:43:12] [BNED ÔåÉ BNED] upserts: 1
[06:43:12] [BNO ÔåÉ BNO] upserts: 1
[06:43:12] [BNS ÔåÉ BNS] upserts: 1
[06:43:12] [BNTX ÔåÉ BNTX] upserts: 1
[06:43:12] [BOAT ÔåÉ BOAT] upserts: 1
[06:43:12] [BOIL ÔåÉ BOIL] upserts: 1
[06:43:12] [BOTZ ÔåÉ BOTZ] upserts: 1
[06:46:30] $EXAS: possibly delisted; no price data found  (1d 2026-03-24 -> 2026-04-04)
[06:50:01] [BP ÔåÉ BP] upserts: 1
[06:50:01] [BRBS ÔåÉ BRBS] upserts: 1
[06:50:01] [BRHY ÔåÉ BRHY] upserts: 1
[06:50:01] [BRK-B ÔåÉ BRK-B] upserts: 1
[06:50:01] [BRLN ÔåÉ BRLN] upserts: 1
[06:50:01] [BROS ÔåÉ BROS] upserts: 1
[06:50:01] [BRRR ÔåÉ BRRR] upserts: 1
[06:50:01] [BRTR ÔåÉ BRTR] upserts: 1
[06:50:01] [BRZE ÔåÉ BRZE] upserts: 1
[06:50:01] [BSAC ÔåÉ BSAC] upserts: 1
[06:50:01] [BSBR ÔåÉ BSBR] upserts: 1
[06:50:01] [BSM ÔåÉ BSM] upserts: 1
[06:50:01] [BST ÔåÉ BST] upserts: 1
[06:50:01] [BSV ÔåÉ BSV] upserts: 1
[06:50:01] [BTAI ÔåÉ BTAI] upserts: 1
[06:50:01] [BTBT ÔåÉ BTBT] upserts: 1
[06:50:01] [BTC ÔåÉ BTC] upserts: 1
[06:50:01] [BTCI ÔåÉ BTCI] upserts: 1
[06:50:01] [BTCL ÔåÉ BTCL] upserts: 1
[06:50:01] [BTCO ÔåÉ BTCO] upserts: 1
[06:50:01] [BTCW ÔåÉ BTCW] upserts: 1
[06:50:01] [BTCZ ÔåÉ BTCZ] upserts: 1
[06:50:01] [BTE ÔåÉ BTE] upserts: 1
[06:50:01] [BTG ÔåÉ BTG] upserts: 1
[06:50:01] [BTI ÔåÉ BTI] upserts: 1
[06:50:01] [BTU ÔåÉ BTU] upserts: 1
[06:50:01] [BUD ÔåÉ BUD] upserts: 1
[06:50:01] [BUG ÔåÉ BUG] upserts: 1
[06:50:01] [BULZ ÔåÉ BULZ] upserts: 1
[06:50:01] [BURL ÔåÉ BURL] upserts: 1
[06:50:01] [BVN ÔåÉ BVN] upserts: 1
[06:50:01] [BWB ÔåÉ BWB] upserts: 1
[06:50:01] [BWIN ÔåÉ BWIN] upserts: 1
[06:50:01] [BWX ÔåÉ BWX] upserts: 1
[06:50:01] [BX ÔåÉ BX] upserts: 1
[06:50:01] [BXMT ÔåÉ BXMT] upserts: 1
[06:50:01] [BXP ÔåÉ BXP] upserts: 1
[06:50:01] [BXSL ÔåÉ BXSL] upserts: 1
[06:50:01] [BYD ÔåÉ BYD] upserts: 1
[06:50:01] [BYND ÔåÉ BYND] upserts: 1
[06:50:01] [BYRN ÔåÉ BYRN] upserts: 1
[06:50:01] [BZ ÔåÉ BZ] upserts: 1
[06:50:01] [BZAI ÔåÉ BZAI] upserts: 1
[06:50:01] [BZFD ÔåÉ BZFD] upserts: 1
[06:50:01] [BZUN ÔåÉ BZUN] upserts: 1
[06:50:01] [C ÔåÉ C] upserts: 1
[06:50:01] [CAG ÔåÉ CAG] upserts: 1
[06:50:01] [CAKE ÔåÉ CAKE] upserts: 1
[06:50:01] [CAL ÔåÉ CAL] upserts: 1
[06:50:01] [CALF ÔåÉ CALF] upserts: 1
[06:50:01] [CALM ÔåÉ CALM] upserts: 1
[06:50:01] [CAMT ÔåÉ CAMT] upserts: 1
[06:50:01] [CAN ÔåÉ CAN] upserts: 1
[06:50:01] [CAR ÔåÉ CAR] upserts: 1
[06:50:01] [CARG ÔåÉ CARG] upserts: 1
[06:50:01] [CARR ÔåÉ CARR] upserts: 1
[06:50:01] [CART ÔåÉ CART] upserts: 1
[06:50:01] [CAT ÔåÉ CAT] upserts: 1
[06:50:01] [CATH ÔåÉ CATH] upserts: 1
[06:50:01] [CAVA ÔåÉ CAVA] upserts: 1
[06:50:01] [CB ÔåÉ CB] upserts: 1
[06:50:01] [CBUS ÔåÉ CBUS] upserts: 1
[06:50:01] [CCEP ÔåÉ CCEP] upserts: 1
[06:50:01] [CCG ÔåÉ CCG] upserts: 1
[06:50:01] [CCI ÔåÉ CCI] upserts: 1
[06:50:01] [CCJ ÔåÉ CCJ] upserts: 1
[06:50:01] [CCL ÔåÉ CCL] upserts: 1
[06:50:01] [CCU ÔåÉ CCU] upserts: 1
[06:50:01] [CDE ÔåÉ CDE] upserts: 1
[06:50:01] [CDNA ÔåÉ CDNA] upserts: 1
[06:50:01] [CDNS ÔåÉ CDNS] upserts: 1
[06:50:01] [CE ÔåÉ CE] upserts: 1
[06:50:01] [CEF ÔåÉ CEF] upserts: 1
[06:50:01] [CEFS ÔåÉ CEFS] upserts: 1
[06:50:01] [CEG ÔåÉ CEG] upserts: 1
[06:50:01] [CELH ÔåÉ CELH] upserts: 1
[06:50:01] [CEMB ÔåÉ CEMB] upserts: 1
[06:50:01] [CEPO ÔåÉ CEPO] upserts: 1
[06:50:01] [CERT ÔåÉ CERT] upserts: 1
[06:50:01] [CERY ÔåÉ CERY] upserts: 1
[06:50:01] [CEVA ÔåÉ CEVA] upserts: 1
[06:50:01] [CF ÔåÉ CF] upserts: 1
[06:50:01] [CFG ÔåÉ CFG] upserts: 1
[06:50:01] [CG ÔåÉ CG] upserts: 1
[06:50:01] [CGBD ÔåÉ CGBD] upserts: 1
[06:50:01] [CGC ÔåÉ CGC] upserts: 1
[06:50:01] [CGNT ÔåÉ CGNT] upserts: 1
[06:50:01] [CHAU ÔåÉ CHAU] upserts: 1
[06:50:01] [CHD ÔåÉ CHD] upserts: 1
[06:50:01] [CHDN ÔåÉ CHDN] upserts: 1
[06:50:01] [CHEF ÔåÉ CHEF] upserts: 1
[06:50:01] [CHGG ÔåÉ CHGG] upserts: 1
[06:50:01] [CHH ÔåÉ CHH] upserts: 1
[06:50:01] [CHIQ ÔåÉ CHIQ] upserts: 1
[06:50:01] [CHPT ÔåÉ CHPT] upserts: 1
[06:50:01] [CHRD ÔåÉ CHRD] upserts: 1
[06:50:01] [CHRW ÔåÉ CHRW] upserts: 1
[06:50:01] [CHTR ÔåÉ CHTR] upserts: 1
[06:50:01] [CHWY ÔåÉ CHWY] upserts: 1
[06:50:01] [CHYM ÔåÉ CHYM] upserts: 1
[06:50:01] [CI ÔåÉ CI] upserts: 1
[06:50:01] [CIB ÔåÉ CIB] upserts: 1
[06:50:01] [CIBR ÔåÉ CIBR] upserts: 1
[06:50:01] [CIFR ÔåÉ CIFR] upserts: 1
[06:50:01] [CIG ÔåÉ CIG] upserts: 1
[06:50:01] [CIGI ÔåÉ CIGI] upserts: 1
[06:50:01] [CINF ÔåÉ CINF] upserts: 1
[06:50:01] [CION ÔåÉ CION] upserts: 1
[06:50:01] [CISO ÔåÉ CISO] upserts: 1
[06:50:01] [CL ÔåÉ CL] upserts: 1
[06:50:01] [CLBT ÔåÉ CLBT] upserts: 1
[06:50:01] [CLF ÔåÉ CLF] upserts: 1
[06:50:01] [CLM ÔåÉ CLM] upserts: 1
[06:50:01] [CLOA ÔåÉ CLOA] upserts: 1
[06:50:01] [CLOU ÔåÉ CLOU] upserts: 1
[06:50:01] [CLS ÔåÉ CLS] upserts: 1
[06:50:01] [CLSK ÔåÉ CLSK] upserts: 1
[06:50:01] [CLVT ÔåÉ CLVT] upserts: 1
[06:50:01] [CLX ÔåÉ CLX] upserts: 1
[06:50:01] [CM ÔåÉ CM] upserts: 1
[06:50:01] [CMBS ÔåÉ CMBS] upserts: 1
[06:50:01] [CMBT ÔåÉ CMBT] upserts: 1
[06:50:01] [CMCSA ÔåÉ CMCSA] upserts: 1
[06:50:01] [CMDB ÔåÉ CMDB] upserts: 1
[06:50:01] [CME ÔåÉ CME] upserts: 1
[06:50:01] [CMF ÔåÉ CMF] upserts: 1
[06:50:01] [CMG ÔåÉ CMG] upserts: 1
[06:50:01] [CMI ÔåÉ CMI] upserts: 1
[06:50:01] [CMRE ÔåÉ CMRE] upserts: 1
[06:50:01] [CNBS ÔåÉ CNBS] upserts: 1
[06:50:01] [CNC ÔåÉ CNC] upserts: 1
[06:50:01] [CNH ÔåÉ CNH] upserts: 1
[06:50:01] [CNI ÔåÉ CNI] upserts: 1
[06:50:01] [CNK ÔåÉ CNK] upserts: 1
[06:50:01] [CNQ ÔåÉ CNQ] upserts: 1
[06:50:01] [CNR ÔåÉ CNR] upserts: 1
[06:50:01] [CNRG ÔåÉ CNRG] upserts: 1
[06:50:01] [CNXC ÔåÉ CNXC] upserts: 1
[06:50:01] [CNXN ÔåÉ CNXN] upserts: 1
[06:50:01] [CNYA ÔåÉ CNYA] upserts: 1
[06:50:01] [COCH ÔåÉ COCH] upserts: 1
[06:50:01] [COE ÔåÉ COE] upserts: 1
[06:50:01] [COF ÔåÉ COF] upserts: 1
[06:50:01] [COHR ÔåÉ COHR] upserts: 1
[06:50:01] [COHU ÔåÉ COHU] upserts: 1
[06:50:01] [COIN ÔåÉ COIN] upserts: 1
[06:50:01] [COKE ÔåÉ COKE] upserts: 1
[06:50:01] [COLB ÔåÉ COLB] upserts: 1
[06:50:01] [COLD ÔåÉ COLD] upserts: 1
[06:50:01] [COMT ÔåÉ COMT] upserts: 1
[06:50:01] [CONI ÔåÉ CONI] upserts: 1
[06:50:01] [CONL ÔåÉ CONL] upserts: 1
[06:50:01] [CONY ÔåÉ CONY] upserts: 1
[06:50:01] [COO ÔåÉ COO] upserts: 1
[06:50:01] [COP ÔåÉ COP] upserts: 1
[06:50:01] [COPX ÔåÉ COPX] upserts: 1
[06:50:01] [COST ÔåÉ COST] upserts: 1
[06:50:01] [COTY ÔåÉ COTY] upserts: 1
[06:50:01] [COUR ÔåÉ COUR] upserts: 1
[06:50:01] [COWZ ÔåÉ COWZ] upserts: 1
[06:50:01] [CP ÔåÉ CP] upserts: 1
[06:50:01] [CPA ÔåÉ CPA] upserts: 1
[06:50:01] [CPAC ÔåÉ CPAC] upserts: 1
[06:50:01] [CPER ÔåÉ CPER] upserts: 1
[06:50:01] [CPNG ÔåÉ CPNG] upserts: 1
[06:50:01] [CPRI ÔåÉ CPRI] upserts: 1
[06:50:01] [CPRT ÔåÉ CPRT] upserts: 1
[06:50:01] [CPRX ÔåÉ CPRX] upserts: 1
[06:50:01] [CPS ÔåÉ CPS] upserts: 1
[06:50:01] [CQQQ ÔåÉ CQQQ] upserts: 1
[06:50:01] [CRAI ÔåÉ CRAI] upserts: 1
[06:50:01] [CRBN ÔåÉ CRBN] upserts: 1
[06:50:01] [CRBU ÔåÉ CRBU] upserts: 1
[06:50:01] [CRCL ÔåÉ CRCL] upserts: 1
[06:50:01] [CRDO ÔåÉ CRDO] upserts: 1
[06:50:01] [CRH ÔåÉ CRH] upserts: 1
[06:50:01] [CRL ÔåÉ CRL] upserts: 1
[06:50:01] [CRM ÔåÉ CRM] upserts: 1
[06:50:01] [CRNT ÔåÉ CRNT] upserts: 1
[06:50:01] [CRON ÔåÉ CRON] upserts: 1
[06:50:01] [CROX ÔåÉ CROX] upserts: 1
[06:50:01] [CRS ÔåÉ CRS] upserts: 1
[06:50:01] [CRSP ÔåÉ CRSP] upserts: 1
[06:50:01] [CRSR ÔåÉ CRSR] upserts: 1
[06:50:01] [CRTO ÔåÉ CRTO] upserts: 1
[06:50:01] [CRUS ÔåÉ CRUS] upserts: 1
[06:50:01] [CRVL ÔåÉ CRVL] upserts: 1
[06:50:01] [CRWD ÔåÉ CRWD] upserts: 1
[06:50:01] [CRWV ÔåÉ CRWV] upserts: 1
[06:50:01] [CSCO ÔåÉ CSCO] upserts: 1
[06:50:01] [CSGP ÔåÉ CSGP] upserts: 1
[06:50:01] [CSHP ÔåÉ CSHP] upserts: 1
[06:50:01] [CSIQ ÔåÉ CSIQ] upserts: 1
[06:50:01] [CSL ÔåÉ CSL] upserts: 1
[06:50:01] [CSQ ÔåÉ CSQ] upserts: 1
[06:50:01] [CSV ÔåÉ CSV] upserts: 1
[06:50:01] [CSWC ÔåÉ CSWC] upserts: 1
[06:50:01] [CSX ÔåÉ CSX] upserts: 1
[06:50:01] [CTAS ÔåÉ CTAS] upserts: 1
[06:50:01] [CTBI ÔåÉ CTBI] upserts: 1
[06:50:01] [CTMX ÔåÉ CTMX] upserts: 1
[06:50:01] [CTRA ÔåÉ CTRA] upserts: 1
[06:50:01] [CTRE ÔåÉ CTRE] upserts: 1
[06:50:01] [CTVA ÔåÉ CTVA] upserts: 1
[06:50:01] [CUBE ÔåÉ CUBE] upserts: 1
[06:50:01] [CUE ÔåÉ CUE] upserts: 1
[06:50:01] [CURI ÔåÉ CURI] upserts: 1
[06:50:01] [CUZ ÔåÉ CUZ] upserts: 1
[06:50:01] [CVE ÔåÉ CVE] upserts: 1
[06:50:01] [CVEO ÔåÉ CVEO] upserts: 1
[06:50:01] [CVGW ÔåÉ CVGW] upserts: 1
[06:50:01] [CVI ÔåÉ CVI] upserts: 1
[06:50:01] [CVM ÔåÉ CVM] upserts: 1
[06:50:01] [CVNA ÔåÉ CVNA] upserts: 1
[06:50:01] [CVS ÔåÉ CVS] upserts: 1
[06:50:01] [CVX ÔåÉ CVX] upserts: 1
[06:50:01] [CWB ÔåÉ CWB] upserts: 1
[06:50:01] [CWI ÔåÉ CWI] upserts: 1
[06:50:01] [CWT ÔåÉ CWT] upserts: 1
[06:50:01] [CXSE ÔåÉ CXSE] upserts: 1
[06:50:01] [CXW ÔåÉ CXW] upserts: 1
[06:50:01] [CYH ÔåÉ CYH] upserts: 1
[06:50:01] [CZR ÔåÉ CZR] upserts: 1
[06:50:01] [DAC ÔåÉ DAC] upserts: 1
[06:50:01] [DAL ÔåÉ DAL] upserts: 1
[06:50:01] [DASH ÔåÉ DASH] upserts: 1
[06:50:01] [DAVA ÔåÉ DAVA] upserts: 1
[06:50:01] [DAWN ÔåÉ DAWN] upserts: 1
[06:50:01] [DAX ÔåÉ DAX] upserts: 1
[06:50:01] [DB ÔåÉ DB] upserts: 1
[06:50:01] [DBA ÔåÉ DBA] upserts: 1
[06:50:01] [DBB ÔåÉ DBB] upserts: 1
[06:50:01] [DBC ÔåÉ DBC] upserts: 1
[06:50:01] [DBEF ÔåÉ DBEF] upserts: 1
[06:50:01] [DBEU ÔåÉ DBEU] upserts: 1
[06:50:01] [DBI ÔåÉ DBI] upserts: 1
[06:50:01] [DBJP ÔåÉ DBJP] upserts: 1
[06:50:01] [DBO ÔåÉ DBO] upserts: 1
[06:50:01] [DBRG ÔåÉ DBRG] upserts: 1
[06:50:01] [DBX ÔåÉ DBX] upserts: 1
[06:50:01] [DCBO ÔåÉ DCBO] upserts: 1
[06:50:01] [DCTH ÔåÉ DCTH] upserts: 1
[06:50:01] [DD ÔåÉ DD] upserts: 1
[06:50:01] [DDL ÔåÉ DDL] upserts: 1
[06:50:01] [DDOG ÔåÉ DDOG] upserts: 1
[06:50:01] [DE ÔåÉ DE] upserts: 1
[06:50:01] [DECK ÔåÉ DECK] upserts: 1
[06:50:01] [DECO ÔåÉ DECO] upserts: 1
[06:50:01] [DEFI ÔåÉ DEFI] upserts: 1
[06:50:01] [DELL ÔåÉ DELL] upserts: 1
[06:50:01] [DEO ÔåÉ DEO] upserts: 1
[06:50:01] [DFAC ÔåÉ DFAC] upserts: 1
[06:50:01] [DFAE ÔåÉ DFAE] upserts: 1
[06:50:01] [DFAI ÔåÉ DFAI] upserts: 1
[06:50:01] [DFAS ÔåÉ DFAS] upserts: 1
[06:50:01] [DFAT ÔåÉ DFAT] upserts: 1
[06:50:01] [DFAU ÔåÉ DFAU] upserts: 1
[06:50:01] [DFAX ÔåÉ DFAX] upserts: 1
[06:50:01] [DFH ÔåÉ DFH] upserts: 1
[06:50:01] [DFUS ÔåÉ DFUS] upserts: 1
[06:50:01] [DG ÔåÉ DG] upserts: 1
[06:50:01] [DGRO ÔåÉ DGRO] upserts: 1
[06:50:01] [DGRW ÔåÉ DGRW] upserts: 1
[06:50:01] [DGS ÔåÉ DGS] upserts: 1
[06:50:01] [DGX ÔåÉ DGX] upserts: 1
[06:50:01] [DHI ÔåÉ DHI] upserts: 1
[06:50:01] [DHR ÔåÉ DHR] upserts: 1
[06:50:01] [DHS ÔåÉ DHS] upserts: 1
[06:50:01] [DIA ÔåÉ DIA] upserts: 1
[06:50:01] [DIPS ÔåÉ DIPS] upserts: 1
[06:50:01] [DIS ÔåÉ DIS] upserts: 1
[06:50:01] [DISV ÔåÉ DISV] upserts: 1
[06:50:01] [DIV ÔåÉ DIV] upserts: 1
[06:50:01] [DIVB ÔåÉ DIVB] upserts: 1
[06:50:01] [DIVO ÔåÉ DIVO] upserts: 1
[06:50:01] [DJT ÔåÉ DJT] upserts: 1
[06:50:01] [DK ÔåÉ DK] upserts: 1
[06:50:01] [DKNG ÔåÉ DKNG] upserts: 1
[06:50:01] [DKS ÔåÉ DKS] upserts: 1
[06:50:01] [DLN ÔåÉ DLN] upserts: 1
[06:50:01] [DLO ÔåÉ DLO] upserts: 1
[06:50:01] [DLR ÔåÉ DLR] upserts: 1
[06:50:01] [DLS ÔåÉ DLS] upserts: 1
[06:50:01] [DLTR ÔåÉ DLTR] upserts: 1
[06:50:01] [DMAAU ÔåÉ DMAAU] upserts: 1
[06:50:01] [DMXF ÔåÉ DMXF] upserts: 1
[06:50:01] [DNA ÔåÉ DNA] upserts: 1
[06:50:01] [DNN ÔåÉ DNN] upserts: 1
[06:50:01] [DNOW ÔåÉ DNOW] upserts: 1
[06:50:01] [DNUT ÔåÉ DNUT] upserts: 1
[06:50:01] [DOCN ÔåÉ DOCN] upserts: 1
[06:50:01] [DOCS ÔåÉ DOCS] upserts: 1
[06:50:01] [DOCU ÔåÉ DOCU] upserts: 1
[06:50:01] [DOL ÔåÉ DOL] upserts: 1
[06:50:01] [DOLE ÔåÉ DOLE] upserts: 1
[06:50:01] [DOV ÔåÉ DOV] upserts: 1
[06:50:01] [DOW ÔåÉ DOW] upserts: 1
[06:50:01] [DOX ÔåÉ DOX] upserts: 1
[06:50:01] [DPST ÔåÉ DPST] upserts: 1
[06:50:01] [DPZ ÔåÉ DPZ] upserts: 1
[06:50:01] [DRI ÔåÉ DRI] upserts: 1
[06:50:01] [DRIV ÔåÉ DRIV] upserts: 1
[06:52:52] $IBDQ: possibly delisted; no price data found  (1d 2025-12-17 -> 2026-04-04)
[06:53:01] $IBHE: possibly delisted; no price data found  (1d 2025-12-17 -> 2026-04-04)
[06:53:08] $IBIB: possibly delisted; no price data found  (1d 2025-10-22 -> 2026-04-04)
[06:53:17] $IBMN: possibly delisted; no price data found  (1d 2025-12-03 -> 2026-04-04)
[06:53:25] $IBTF: possibly delisted; no price data found  (1d 2025-12-17 -> 2026-04-04)
[06:56:26] [DRLL ÔåÉ DRLL] upserts: 1
[06:56:26] [DRUG ÔåÉ DRUG] upserts: 1
[06:56:26] [DRV ÔåÉ DRV] upserts: 1
[06:56:26] [DSI ÔåÉ DSI] upserts: 1
[06:56:26] [DSP ÔåÉ DSP] upserts: 1
[06:56:26] [DT ÔåÉ DT] upserts: 1
[06:56:26] [DTD ÔåÉ DTD] upserts: 1
[06:56:26] [DTIL ÔåÉ DTIL] upserts: 1
[06:56:26] [DUK ÔåÉ DUK] upserts: 1
[06:56:26] [DUOL ÔåÉ DUOL] upserts: 1
[06:56:26] [DUST ÔåÉ DUST] upserts: 1
[06:56:26] [DVA ÔåÉ DVA] upserts: 1
[06:56:26] [DVLT ÔåÉ DVLT] upserts: 1
[06:56:26] [DVN ÔåÉ DVN] upserts: 1
[06:56:26] [DVY ÔåÉ DVY] upserts: 1
[06:56:26] [DVYE ÔåÉ DVYE] upserts: 1
[06:56:26] [DWX ÔåÉ DWX] upserts: 1
[06:56:26] [DX ÔåÉ DX] upserts: 1
[06:56:26] [DXCM ÔåÉ DXCM] upserts: 1
[06:56:26] [DXJ ÔåÉ DXJ] upserts: 1
[06:56:26] [DXYZ ÔåÉ DXYZ] upserts: 1
[06:56:26] [DYNF ÔåÉ DYNF] upserts: 1
[06:56:26] [E ÔåÉ E] upserts: 1
[06:56:26] [EA ÔåÉ EA] upserts: 1
[06:56:26] [EAGG ÔåÉ EAGG] upserts: 1
[06:56:26] [EAOA ÔåÉ EAOA] upserts: 1
[06:56:26] [EAOK ÔåÉ EAOK] upserts: 1
[06:56:26] [EAOM ÔåÉ EAOM] upserts: 1
[06:56:26] [EAOR ÔåÉ EAOR] upserts: 1
[06:56:26] [EAT ÔåÉ EAT] upserts: 1
[06:56:26] [EBAY ÔåÉ EBAY] upserts: 1
[06:56:26] [EBIZ ÔåÉ EBIZ] upserts: 1
[06:56:26] [EBND ÔåÉ EBND] upserts: 1
[06:56:26] [EC ÔåÉ EC] upserts: 1
[06:56:26] [ECH ÔåÉ ECH] upserts: 1
[06:56:26] [ECL ÔåÉ ECL] upserts: 1
[06:56:26] [ED ÔåÉ ED] upserts: 1
[06:56:26] [EDEN ÔåÉ EDEN] upserts: 1
[06:56:26] [EDIV ÔåÉ EDIV] upserts: 1
[06:56:26] [EDN ÔåÉ EDN] upserts: 1
[06:56:26] [EDOC ÔåÉ EDOC] upserts: 1
[06:56:26] [EDV ÔåÉ EDV] upserts: 1
[06:56:26] [EEFT ÔåÉ EEFT] upserts: 1
[06:56:26] [EEM ÔåÉ EEM] upserts: 1
[06:56:26] [EEMA ÔåÉ EEMA] upserts: 1
[06:56:26] [EEMS ÔåÉ EEMS] upserts: 1
[06:56:26] [EEMV ÔåÉ EEMV] upserts: 1
[06:56:26] [EEMX ÔåÉ EEMX] upserts: 1
[06:56:26] [EETH ÔåÉ EETH] upserts: 1
[06:56:26] [EFA ÔåÉ EFA] upserts: 1
[06:56:26] [EFAV ÔåÉ EFAV] upserts: 1
[06:56:26] [EFAX ÔåÉ EFAX] upserts: 1
[06:56:26] [EFC ÔåÉ EFC] upserts: 1
[06:56:26] [EFG ÔåÉ EFG] upserts: 1
[06:56:26] [EFIV ÔåÉ EFIV] upserts: 1
[06:56:26] [EFV ÔåÉ EFV] upserts: 1
[06:56:26] [EFX ÔåÉ EFX] upserts: 1
[06:56:26] [EH ÔåÉ EH] upserts: 1
[06:56:26] [EHLD ÔåÉ EHLD] upserts: 1
[06:56:26] [EIDO ÔåÉ EIDO] upserts: 1
[06:56:26] [EIRL ÔåÉ EIRL] upserts: 1
[06:56:26] [EIS ÔåÉ EIS] upserts: 1
[06:56:26] [EL ÔåÉ EL] upserts: 1
[06:56:26] [ELF ÔåÉ ELF] upserts: 1
[06:56:26] [ELPC ÔåÉ ELPC] upserts: 1
[06:56:26] [ELV ÔåÉ ELV] upserts: 1
[06:56:26] [ELVR ÔåÉ ELVR] upserts: 1
[06:56:26] [EMB ÔåÉ EMB] upserts: 1
[06:56:26] [EMF ÔåÉ EMF] upserts: 1
[06:56:26] [EMGF ÔåÉ EMGF] upserts: 1
[06:56:26] [EMHY ÔåÉ EMHY] upserts: 1
[06:56:26] [EMLC ÔåÉ EMLC] upserts: 1
[06:56:26] [EMO ÔåÉ EMO] upserts: 1
[06:56:26] [EMR ÔåÉ EMR] upserts: 1
[06:56:26] [EMXC ÔåÉ EMXC] upserts: 1
[06:56:26] [ENB ÔåÉ ENB] upserts: 1
[06:56:26] [ENFY ÔåÉ ENFY] upserts: 1
[06:56:26] [ENIC ÔåÉ ENIC] upserts: 1
[06:56:26] [ENPH ÔåÉ ENPH] upserts: 1
[06:56:26] [ENTG ÔåÉ ENTG] upserts: 1
[06:56:26] [ENVA ÔåÉ ENVA] upserts: 1
[06:56:26] [ENVX ÔåÉ ENVX] upserts: 1
[06:56:26] [ENZL ÔåÉ ENZL] upserts: 1
[06:56:26] [EOG ÔåÉ EOG] upserts: 1
[06:56:26] [EOSE ÔåÉ EOSE] upserts: 1
[06:56:26] [EPAM ÔåÉ EPAM] upserts: 1
[06:56:26] [EPHE ÔåÉ EPHE] upserts: 1
[06:56:26] [EPI ÔåÉ EPI] upserts: 1
[06:56:26] [EPM ÔåÉ EPM] upserts: 1
[06:56:26] [EPOL ÔåÉ EPOL] upserts: 1
[06:56:26] [EPP ÔåÉ EPP] upserts: 1
[06:56:26] [EPR ÔåÉ EPR] upserts: 1
[06:56:26] [EPRT ÔåÉ EPRT] upserts: 1
[06:56:26] [EPU ÔåÉ EPU] upserts: 1
[06:56:26] [EQIX ÔåÉ EQIX] upserts: 1
[06:56:26] [EQLT ÔåÉ EQLT] upserts: 1
[06:56:26] [EQNR ÔåÉ EQNR] upserts: 1
[06:56:26] [EQR ÔåÉ EQR] upserts: 1
[06:56:26] [EQT ÔåÉ EQT] upserts: 1
[06:56:26] [EQX ÔåÉ EQX] upserts: 1
[06:56:26] [ERIC ÔåÉ ERIC] upserts: 1
[06:56:26] [ERIE ÔåÉ ERIE] upserts: 1
[06:56:26] [ERX ÔåÉ ERX] upserts: 1
[06:56:26] [ESEA ÔåÉ ESEA] upserts: 1
[06:56:26] [ESGD ÔåÉ ESGD] upserts: 1
[06:56:26] [ESGE ÔåÉ ESGE] upserts: 1
[06:56:26] [ESGU ÔåÉ ESGU] upserts: 1
[06:56:26] [ESGV ÔåÉ ESGV] upserts: 1
[06:56:26] [ESLT ÔåÉ ESLT] upserts: 1
[06:56:26] [ESML ÔåÉ ESML] upserts: 1
[06:56:26] [ESPO ÔåÉ ESPO] upserts: 1
[06:56:26] [ESS ÔåÉ ESS] upserts: 1
[06:56:26] [ESTC ÔåÉ ESTC] upserts: 1
[06:56:26] [ETCG ÔåÉ ETCG] upserts: 1
[06:56:26] [ETH ÔåÉ ETH] upserts: 1
[06:56:26] [ETHA ÔåÉ ETHA] upserts: 1
[06:56:26] [ETHE ÔåÉ ETHE] upserts: 1
[06:56:26] [ETHU ÔåÉ ETHU] upserts: 1
[06:56:26] [ETHV ÔåÉ ETHV] upserts: 1
[06:56:26] [ETHW ÔåÉ ETHW] upserts: 1
[06:56:26] [ETN ÔåÉ ETN] upserts: 1
[06:56:26] [ETOR ÔåÉ ETOR] upserts: 1
[06:56:26] [ETSY ÔåÉ ETSY] upserts: 1
[06:56:26] [ETV ÔåÉ ETV] upserts: 1
[06:56:26] [EUFN ÔåÉ EUFN] upserts: 1
[06:56:26] [EUSA ÔåÉ EUSA] upserts: 1
[06:56:26] [EUSB ÔåÉ EUSB] upserts: 1
[06:56:26] [EVGO ÔåÉ EVGO] upserts: 1
[06:56:26] [EVH ÔåÉ EVH] upserts: 1
[06:56:26] [EVLU ÔåÉ EVLU] upserts: 1
[06:56:26] [EVTL ÔåÉ EVTL] upserts: 1
[06:56:26] [EVX ÔåÉ EVX] upserts: 1
[06:56:26] [EW ÔåÉ EW] upserts: 1
[06:56:26] [EWA ÔåÉ EWA] upserts: 1
[06:56:26] [EWBC ÔåÉ EWBC] upserts: 1
[06:56:26] [EWC ÔåÉ EWC] upserts: 1
[06:56:26] [EWD ÔåÉ EWD] upserts: 1
[06:56:26] [EWG ÔåÉ EWG] upserts: 1
[06:56:26] [EWH ÔåÉ EWH] upserts: 1
[06:56:26] [EWI ÔåÉ EWI] upserts: 1
[06:56:26] [EWJ ÔåÉ EWJ] upserts: 1
[06:56:26] [EWK ÔåÉ EWK] upserts: 1
[06:56:26] [EWL ÔåÉ EWL] upserts: 1
[06:56:26] [EWM ÔåÉ EWM] upserts: 1
[06:56:26] [EWN ÔåÉ EWN] upserts: 1
[06:56:26] [EWP ÔåÉ EWP] upserts: 1
[06:56:26] [EWQ ÔåÉ EWQ] upserts: 1
[06:56:26] [EWS ÔåÉ EWS] upserts: 1
[06:56:26] [EWT ÔåÉ EWT] upserts: 1
[06:56:26] [EWU ÔåÉ EWU] upserts: 1
[06:56:26] [EWW ÔåÉ EWW] upserts: 1
[06:56:26] [EWX ÔåÉ EWX] upserts: 1
[06:56:26] [EWY ÔåÉ EWY] upserts: 1
[06:56:26] [EWZ ÔåÉ EWZ] upserts: 1
[06:56:26] [EWZS ÔåÉ EWZS] upserts: 1
[06:56:26] [EXE ÔåÉ EXE] upserts: 1
[06:56:26] [EXEL ÔåÉ EXEL] upserts: 1
[06:56:26] [EXI ÔåÉ EXI] upserts: 1
[06:56:26] [EXK ÔåÉ EXK] upserts: 1
[06:56:26] [EXPE ÔåÉ EXPE] upserts: 1
[06:56:26] [EXPI ÔåÉ EXPI] upserts: 1
[06:56:26] [EXPO ÔåÉ EXPO] upserts: 1
[06:56:26] [EXR ÔåÉ EXR] upserts: 1
[06:56:26] [EYPT ÔåÉ EYPT] upserts: 1
[06:56:26] [EZA ÔåÉ EZA] upserts: 1
[06:56:26] [EZBC ÔåÉ EZBC] upserts: 1
[06:56:26] [EZET ÔåÉ EZET] upserts: 1
[06:56:26] [EZU ÔåÉ EZU] upserts: 1
[06:56:26] [F ÔåÉ F] upserts: 1
[06:56:26] [FALN ÔåÉ FALN] upserts: 1
[06:56:26] [FAN ÔåÉ FAN] upserts: 1
[06:56:26] [FANG ÔåÉ FANG] upserts: 1
[06:56:26] [FAS ÔåÉ FAS] upserts: 1
[06:56:26] [FAST ÔåÉ FAST] upserts: 1
[06:56:26] [FAZ ÔåÉ FAZ] upserts: 1
[06:56:26] [FBT ÔåÉ FBT] upserts: 1
[06:56:26] [FBTC ÔåÉ FBTC] upserts: 1
[06:56:26] [FBY ÔåÉ FBY] upserts: 1
[06:56:26] [FCEL ÔåÉ FCEL] upserts: 1
[06:56:26] [FCG ÔåÉ FCG] upserts: 1
[06:56:26] [FCPT ÔåÉ FCPT] upserts: 1
[06:56:26] [FCX ÔåÉ FCX] upserts: 1
[06:56:26] [FDMT ÔåÉ FDMT] upserts: 1
[06:56:26] [FDP ÔåÉ FDP] upserts: 1
[06:56:26] [FDS ÔåÉ FDS] upserts: 1
[06:56:26] [FDUS ÔåÉ FDUS] upserts: 1
[06:56:26] [FDVV ÔåÉ FDVV] upserts: 1
[06:56:26] [FDX ÔåÉ FDX] upserts: 1
[06:56:26] [FE ÔåÉ FE] upserts: 1
[06:56:26] [FEPI ÔåÉ FEPI] upserts: 1
[06:56:26] [FERAU ÔåÉ FERAU] upserts: 1
[06:56:26] [FERG ÔåÉ FERG] upserts: 1
[06:56:26] [FETH ÔåÉ FETH] upserts: 1
[06:56:26] [FEZ ÔåÉ FEZ] upserts: 1
[06:56:26] [FFAI ÔåÉ FFAI] upserts: 1
[06:56:26] [FFTY ÔåÉ FFTY] upserts: 1
[06:56:26] [FG ÔåÉ FG] upserts: 1
[06:56:26] [FHN ÔåÉ FHN] upserts: 1
[06:56:26] [FICO ÔåÉ FICO] upserts: 1
[06:56:26] [FIEE ÔåÉ FIEE] upserts: 1
[06:56:26] [FIG ÔåÉ FIG] upserts: 1
[06:56:26] [FINX ÔåÉ FINX] upserts: 1
[06:56:26] [FIS ÔåÉ FIS] upserts: 1
[06:56:26] [FITB ÔåÉ FITB] upserts: 1
[06:56:26] [FIVE ÔåÉ FIVE] upserts: 1
[06:56:26] [FIVG ÔåÉ FIVG] upserts: 1
[06:56:26] [FIW ÔåÉ FIW] upserts: 1
[06:56:26] [FIX ÔåÉ FIX] upserts: 1
[06:56:26] [FLG ÔåÉ FLG] upserts: 1
[06:56:26] [FLIN ÔåÉ FLIN] upserts: 1
[06:56:26] [FLJP ÔåÉ FLJP] upserts: 1
[06:56:26] [FLNC ÔåÉ FLNC] upserts: 1
[06:56:26] [FLNG ÔåÉ FLNG] upserts: 1
[06:56:26] [FLNT ÔåÉ FLNT] upserts: 1
[06:56:26] [FLOC ÔåÉ FLOC] upserts: 1
[06:56:26] [FLOT ÔåÉ FLOT] upserts: 1
[06:56:26] [FLR ÔåÉ FLR] upserts: 1
[06:56:26] [FLRN ÔåÉ FLRN] upserts: 1
[06:56:26] [FMS ÔåÉ FMS] upserts: 1
[06:56:26] [FMX ÔåÉ FMX] upserts: 1
[06:56:26] [FN ÔåÉ FN] upserts: 1
[06:56:26] [FND ÔåÉ FND] upserts: 1
[06:56:26] [FNF ÔåÉ FNF] upserts: 1
[06:56:26] [FNGB ÔåÉ FNGB] upserts: 1
[06:56:26] [FNGD ÔåÉ FNGD] upserts: 1
[06:56:26] [FNKO ÔåÉ FNKO] upserts: 1
[06:56:26] [FNLC ÔåÉ FNLC] upserts: 1
[06:56:26] [FNV ÔåÉ FNV] upserts: 1
[06:56:26] [FOSL ÔåÉ FOSL] upserts: 1
[06:56:26] [FOXA ÔåÉ FOXA] upserts: 1
[06:56:26] [FOXF ÔåÉ FOXF] upserts: 1
[06:56:26] [FPI ÔåÉ FPI] upserts: 1
[06:56:26] [FREL ÔåÉ FREL] upserts: 1
[06:56:26] [FRO ÔåÉ FRO] upserts: 1
[06:56:26] [FROG ÔåÉ FROG] upserts: 1
[06:56:26] [FRPT ÔåÉ FRPT] upserts: 1
[06:56:26] [FRSH ÔåÉ FRSH] upserts: 1
[06:56:26] [FRT ÔåÉ FRT] upserts: 1
[06:56:26] [FSK ÔåÉ FSK] upserts: 1
[06:56:26] [FSLR ÔåÉ FSLR] upserts: 1
[06:56:26] [FSLY ÔåÉ FSLY] upserts: 1
[06:56:26] [FSM ÔåÉ FSM] upserts: 1
[06:56:26] [FSP ÔåÉ FSP] upserts: 1
[06:56:26] [FTCI ÔåÉ FTCI] upserts: 1
[06:56:26] [FTEC ÔåÉ FTEC] upserts: 1
[06:56:26] [FTGC ÔåÉ FTGC] upserts: 1
[06:56:26] [FTI ÔåÉ FTI] upserts: 1
[06:56:26] [FTNT ÔåÉ FTNT] upserts: 1
[06:56:26] [FUBO ÔåÉ FUBO] upserts: 1
[06:56:26] [FUL ÔåÉ FUL] upserts: 1
[06:56:26] [FULC ÔåÉ FULC] upserts: 1
[06:56:26] [FUN ÔåÉ FUN] upserts: 1
[06:56:26] [FUTU ÔåÉ FUTU] upserts: 1
[06:56:26] [FVRR ÔåÉ FVRR] upserts: 1
[06:56:26] [FWONA ÔåÉ FWONA] upserts: 1
[06:56:26] [FXG ÔåÉ FXG] upserts: 1
[06:56:26] [FXI ÔåÉ FXI] upserts: 1
[06:56:26] [FXY ÔåÉ FXY] upserts: 1
[06:56:26] [G ÔåÉ G] upserts: 1
[06:56:26] [GAL ÔåÉ GAL] upserts: 1
[06:56:26] [GAME ÔåÉ GAME] upserts: 1
[06:56:26] [GAMR ÔåÉ GAMR] upserts: 1
[06:56:26] [GAP ÔåÉ GAP] upserts: 1
[06:56:26] [GBDC ÔåÉ GBDC] upserts: 1
[06:56:26] [GBF ÔåÉ GBF] upserts: 1
[06:56:26] [GBTC ÔåÉ GBTC] upserts: 1
[06:56:26] [GBX ÔåÉ GBX] upserts: 1
[06:56:26] [GCT ÔåÉ GCT] upserts: 1
[06:56:26] [GD ÔåÉ GD] upserts: 1
[06:56:26] [GDOT ÔåÉ GDOT] upserts: 1
[06:56:26] [GDRX ÔåÉ GDRX] upserts: 1
[06:56:26] [GDX ÔåÉ GDX] upserts: 1
[06:56:26] [GDXJ ÔåÉ GDXJ] upserts: 1
[06:56:26] [GDXY ÔåÉ GDXY] upserts: 1
[06:56:26] [GE ÔåÉ GE] upserts: 1
[06:56:26] [GEHC ÔåÉ GEHC] upserts: 1
[06:56:26] [GEN ÔåÉ GEN] upserts: 1
[06:56:26] [GENVR ÔåÉ GENVR] upserts: 1
[06:56:26] [GEO ÔåÉ GEO] upserts: 1
[06:56:26] [GEV ÔåÉ GEV] upserts: 1
[06:56:26] [GEVO ÔåÉ GEVO] upserts: 1
[06:56:26] [GFI ÔåÉ GFI] upserts: 1
[06:56:26] [GFL ÔåÉ GFL] upserts: 1
[06:56:26] [GGAL ÔåÉ GGAL] upserts: 1
[06:56:26] [GGB ÔåÉ GGB] upserts: 1
[06:56:26] [GGG ÔåÉ GGG] upserts: 1
[06:56:26] [GHC ÔåÉ GHC] upserts: 1
[06:56:26] [GII ÔåÉ GII] upserts: 1
[06:56:26] [GIII ÔåÉ GIII] upserts: 1
[06:56:26] [GILD ÔåÉ GILD] upserts: 1
[06:56:26] [GIS ÔåÉ GIS] upserts: 1
[06:56:26] [GLAD ÔåÉ GLAD] upserts: 1
[06:56:26] [GLBE ÔåÉ GLBE] upserts: 1
[06:56:26] [GLD ÔåÉ GLD] upserts: 1
[06:56:26] [GLDM ÔåÉ GLDM] upserts: 1
[06:56:26] [GLIBA ÔåÉ GLIBA] upserts: 1
[06:56:26] [GLNG ÔåÉ GLNG] upserts: 1
[06:56:26] [GLOB ÔåÉ GLOB] upserts: 1
[06:56:26] [GLP ÔåÉ GLP] upserts: 1
[06:56:26] [GLPI ÔåÉ GLPI] upserts: 1
[06:56:26] [GLRE ÔåÉ GLRE] upserts: 1
[06:56:26] [GLTR ÔåÉ GLTR] upserts: 1
[06:56:26] [GLW ÔåÉ GLW] upserts: 1
[07:02:55] [GM ÔåÉ GM] upserts: 1
[07:02:55] [GMAB ÔåÉ GMAB] upserts: 1
[07:02:55] [GME ÔåÉ GME] upserts: 1
[07:02:55] [GMED ÔåÉ GMED] upserts: 1
[07:02:55] [GMET ÔåÉ GMET] upserts: 1
[07:02:55] [GMF ÔåÉ GMF] upserts: 1
[07:02:55] [GNMA ÔåÉ GNMA] upserts: 1
[07:02:55] [GNOM ÔåÉ GNOM] upserts: 1
[07:02:55] [GNR ÔåÉ GNR] upserts: 1
[07:02:55] [GNRC ÔåÉ GNRC] upserts: 1
[07:02:55] [GNS ÔåÉ GNS] upserts: 1
[07:02:55] [GNTX ÔåÉ GNTX] upserts: 1
[07:02:55] [GOAU ÔåÉ GOAU] upserts: 1
[07:02:55] [GOOD ÔåÉ GOOD] upserts: 1
[07:02:55] [GOOG ÔåÉ GOOG] upserts: 1
[07:02:55] [GOOGL ÔåÉ GOOGL] upserts: 1
[07:02:55] [GOOS ÔåÉ GOOS] upserts: 1
[07:02:55] [GOOX ÔåÉ GOOX] upserts: 1
[07:02:55] [GOOY ÔåÉ GOOY] upserts: 1
[07:02:55] [GOVT ÔåÉ GOVT] upserts: 1
[07:02:55] [GOVZ ÔåÉ GOVZ] upserts: 1
[07:02:55] [GPC ÔåÉ GPC] upserts: 1
[07:02:55] [GPIQ ÔåÉ GPIQ] upserts: 1
[07:02:55] [GPIX ÔåÉ GPIX] upserts: 1
[07:02:55] [GPK ÔåÉ GPK] upserts: 1
[07:02:55] [GPMT ÔåÉ GPMT] upserts: 1
[07:02:55] [GPN ÔåÉ GPN] upserts: 1
[07:02:55] [GPRK ÔåÉ GPRK] upserts: 1
[07:02:55] [GPRO ÔåÉ GPRO] upserts: 1
[07:02:55] [GPUS ÔåÉ GPUS] upserts: 1
[07:02:55] [GRAB ÔåÉ GRAB] upserts: 1
[07:02:55] [GRAL ÔåÉ GRAL] upserts: 1
[07:02:55] [GRBK ÔåÉ GRBK] upserts: 1
[07:02:55] [GREK ÔåÉ GREK] upserts: 1
[07:02:55] [GRFS ÔåÉ GRFS] upserts: 1
[07:02:55] [GRID ÔåÉ GRID] upserts: 1
[07:02:56] [GRMN ÔåÉ GRMN] upserts: 1
[07:02:56] [GROV ÔåÉ GROV] upserts: 1
[07:02:56] [GRPN ÔåÉ GRPN] upserts: 1
[07:02:56] [GRRR ÔåÉ GRRR] upserts: 1
[07:02:56] [GS ÔåÉ GS] upserts: 1
[07:02:56] [GSG ÔåÉ GSG] upserts: 1
[07:02:56] [GSHD ÔåÉ GSHD] upserts: 1
[07:02:56] [GSK ÔåÉ GSK] upserts: 1
[07:02:56] [GSL ÔåÉ GSL] upserts: 1
[07:02:56] [GSM ÔåÉ GSM] upserts: 1
[07:02:56] [GSUN ÔåÉ GSUN] upserts: 1
[07:02:56] [GSY ÔåÉ GSY] upserts: 1
[07:02:56] [GT ÔåÉ GT] upserts: 1
[07:02:56] [GTLB ÔåÉ GTLB] upserts: 1
[07:02:56] [GTX ÔåÉ GTX] upserts: 1
[07:02:56] [GVI ÔåÉ GVI] upserts: 1
[07:02:56] [GWH ÔåÉ GWH] upserts: 1
[07:02:56] [GWW ÔåÉ GWW] upserts: 1
[07:02:56] [GWX ÔåÉ GWX] upserts: 1
[07:02:56] [GXC ÔåÉ GXC] upserts: 1
[07:02:56] [H ÔåÉ H] upserts: 1
[07:02:56] [HAL ÔåÉ HAL] upserts: 1
[07:02:56] [HALO ÔåÉ HALO] upserts: 1
[07:02:56] [HAS ÔåÉ HAS] upserts: 1
[07:02:56] [HAWX ÔåÉ HAWX] upserts: 1
[07:02:56] [HCA ÔåÉ HCA] upserts: 1
[07:02:56] [HCC ÔåÉ HCC] upserts: 1
[07:02:56] [HCI ÔåÉ HCI] upserts: 1
[07:02:56] [HD ÔåÉ HD] upserts: 1
[07:02:56] [HDSN ÔåÉ HDSN] upserts: 1
[07:02:56] [HDV ÔåÉ HDV] upserts: 1
[07:02:56] [HE ÔåÉ HE] upserts: 1
[07:02:56] [HEAL ÔåÉ HEAL] upserts: 1
[07:02:56] [HECO ÔåÉ HECO] upserts: 1
[07:02:56] [HEEM ÔåÉ HEEM] upserts: 1
[07:02:56] [HEFA ÔåÉ HEFA] upserts: 1
[07:02:56] [HEI ÔåÉ HEI] upserts: 1
[07:02:56] [HERO ÔåÉ HERO] upserts: 1
[07:02:56] [HEWJ ÔåÉ HEWJ] upserts: 1
[07:02:56] [HEZU ÔåÉ HEZU] upserts: 1
[07:02:56] [HHH ÔåÉ HHH] upserts: 1
[07:02:56] [HIFS ÔåÉ HIFS] upserts: 1
[07:02:56] [HII ÔåÉ HII] upserts: 1
[07:02:56] [HIMS ÔåÉ HIMS] upserts: 1
[07:02:56] [HIPO ÔåÉ HIPO] upserts: 1
[07:02:56] [HIVE ÔåÉ HIVE] upserts: 1
[07:02:56] [HKD ÔåÉ HKD] upserts: 1
[07:02:56] [HL ÔåÉ HL] upserts: 1
[07:02:56] [HLF ÔåÉ HLF] upserts: 1
[07:02:56] [HLT ÔåÉ HLT] upserts: 1
[07:02:56] [HLX ÔåÉ HLX] upserts: 1
[07:02:56] [HMC ÔåÉ HMC] upserts: 1
[07:02:56] [HMY ÔåÉ HMY] upserts: 1
[07:02:56] [HNST ÔåÉ HNST] upserts: 1
[07:02:56] [HODL ÔåÉ HODL] upserts: 1
[07:02:56] [HOG ÔåÉ HOG] upserts: 1
[07:02:56] [HOLO ÔåÉ HOLO] upserts: 1
[07:02:56] [HON ÔåÉ HON] upserts: 1
[07:02:56] [HOOD ÔåÉ HOOD] upserts: 1
[07:02:56] [HP ÔåÉ HP] upserts: 1
[07:02:56] [HPE ÔåÉ HPE] upserts: 1
[07:02:56] [HPQ ÔåÉ HPQ] upserts: 1
[07:02:56] [HQI ÔåÉ HQI] upserts: 1
[07:02:56] [HRB ÔåÉ HRB] upserts: 1
[07:02:56] [HRI ÔåÉ HRI] upserts: 1
[07:02:56] [HRL ÔåÉ HRL] upserts: 1
[07:02:56] [HRMY ÔåÉ HRMY] upserts: 1
[07:02:56] [HRZN ÔåÉ HRZN] upserts: 1
[07:02:56] [HSBC ÔåÉ HSBC] upserts: 1
[07:02:56] [HSCZ ÔåÉ HSCZ] upserts: 1
[07:02:56] [HSY ÔåÉ HSY] upserts: 1
[07:02:56] [HTGC ÔåÉ HTGC] upserts: 1
[07:02:56] [HTO ÔåÉ HTO] upserts: 1
[07:02:56] [HTZ ÔåÉ HTZ] upserts: 1
[07:02:56] [HUBB ÔåÉ HUBB] upserts: 1
[07:02:56] [HUBC ÔåÉ HUBC] upserts: 1
[07:02:56] [HUBS ÔåÉ HUBS] upserts: 1
[07:02:56] [HUM ÔåÉ HUM] upserts: 1
[07:02:56] [HUN ÔåÉ HUN] upserts: 1
[07:02:56] [HURN ÔåÉ HURN] upserts: 1
[07:02:56] [HUT ÔåÉ HUT] upserts: 1
[07:02:56] [HVIIU ÔåÉ HVIIU] upserts: 1
[07:02:56] [HWM ÔåÉ HWM] upserts: 1
[07:02:56] [HYDR ÔåÉ HYDR] upserts: 1
[07:02:56] [HYG ÔåÉ HYG] upserts: 1
[07:02:56] [HYGW ÔåÉ HYGW] upserts: 1
[07:02:56] [HYLN ÔåÉ HYLN] upserts: 1
[07:02:56] [HYMB ÔåÉ HYMB] upserts: 1
[07:02:56] [HYMC ÔåÉ HYMC] upserts: 1
[07:02:56] [HYS ÔåÉ HYS] upserts: 1
[07:02:56] [IAC ÔåÉ IAC] upserts: 1
[07:02:56] [IAG ÔåÉ IAG] upserts: 1
[07:02:56] [IAGG ÔåÉ IAGG] upserts: 1
[07:02:56] [IAI ÔåÉ IAI] upserts: 1
[07:02:56] [IAK ÔåÉ IAK] upserts: 1
[07:02:56] [IAT ÔåÉ IAT] upserts: 1
[07:02:56] [IAU ÔåÉ IAU] upserts: 1
[07:02:56] [IAUM ÔåÉ IAUM] upserts: 1
[07:02:56] [IBB ÔåÉ IBB] upserts: 1
[07:02:56] [IBDR ÔåÉ IBDR] upserts: 1
[07:02:56] [IBDS ÔåÉ IBDS] upserts: 1
[07:02:56] [IBDT ÔåÉ IBDT] upserts: 1
[07:02:56] [IBDV ÔåÉ IBDV] upserts: 1
[07:02:56] [IBDY ÔåÉ IBDY] upserts: 1
[07:02:56] [IBGA ÔåÉ IBGA] upserts: 1
[07:02:56] [IBGK ÔåÉ IBGK] upserts: 1
[07:02:56] [IBHF ÔåÉ IBHF] upserts: 1
[07:02:56] [IBHG ÔåÉ IBHG] upserts: 1
[07:02:56] [IBHH ÔåÉ IBHH] upserts: 1
[07:02:56] [IBHI ÔåÉ IBHI] upserts: 1
[07:02:56] [IBHJ ÔåÉ IBHJ] upserts: 1
[07:02:56] [IBIC ÔåÉ IBIC] upserts: 1
[07:02:56] [IBID ÔåÉ IBID] upserts: 1
[07:02:56] [IBIE ÔåÉ IBIE] upserts: 1
[07:02:56] [IBIT ÔåÉ IBIT] upserts: 1
[07:02:56] [IBKR ÔåÉ IBKR] upserts: 1
[07:02:56] [IBLC ÔåÉ IBLC] upserts: 1
[07:02:56] [IBM ÔåÉ IBM] upserts: 1
[07:02:56] [IBMO ÔåÉ IBMO] upserts: 1
[07:02:56] [IBMP ÔåÉ IBMP] upserts: 1
[07:02:56] [IBMR ÔåÉ IBMR] upserts: 1
[07:02:56] [IBN ÔåÉ IBN] upserts: 1
[07:02:56] [IBND ÔåÉ IBND] upserts: 1
[07:02:56] [IBRX ÔåÉ IBRX] upserts: 1
[07:02:56] [IBTG ÔåÉ IBTG] upserts: 1
[07:02:56] [IBTH ÔåÉ IBTH] upserts: 1
[07:02:56] [IBTI ÔåÉ IBTI] upserts: 1
[07:02:56] [IBTJ ÔåÉ IBTJ] upserts: 1
[07:02:56] [IBTK ÔåÉ IBTK] upserts: 1
[07:02:56] [IBTL ÔåÉ IBTL] upserts: 1
[07:02:56] [IBTM ÔåÉ IBTM] upserts: 1
[07:02:56] [IBTO ÔåÉ IBTO] upserts: 1
[07:02:56] [IBTP ÔåÉ IBTP] upserts: 1
[07:02:56] [ICE ÔåÉ ICE] upserts: 1
[07:02:56] [ICF ÔåÉ ICF] upserts: 1
[07:02:56] [ICLN ÔåÉ ICLN] upserts: 1
[07:02:56] [ICOP ÔåÉ ICOP] upserts: 1
[07:02:56] [ICSH ÔåÉ ICSH] upserts: 1
[07:02:56] [ICVT ÔåÉ ICVT] upserts: 1
[07:02:56] [IDEV ÔåÉ IDEV] upserts: 1
[07:02:56] [IDGT ÔåÉ IDGT] upserts: 1
[07:02:56] [IDNA ÔåÉ IDNA] upserts: 1
[07:02:56] [IDRV ÔåÉ IDRV] upserts: 1
[07:02:56] [IDU ÔåÉ IDU] upserts: 1
[07:02:56] [IDV ÔåÉ IDV] upserts: 1
[07:02:56] [IDVO ÔåÉ IDVO] upserts: 1
[07:02:56] [IDXX ÔåÉ IDXX] upserts: 1
[07:02:56] [IEF ÔåÉ IEF] upserts: 1
[07:02:56] [IEFA ÔåÉ IEFA] upserts: 1
[07:02:56] [IEI ÔåÉ IEI] upserts: 1
[07:02:56] [IEMG ÔåÉ IEMG] upserts: 1
[07:02:56] [IEO ÔåÉ IEO] upserts: 1
[07:02:56] [IEP ÔåÉ IEP] upserts: 1
[07:02:56] [IEUR ÔåÉ IEUR] upserts: 1
[07:02:56] [IEUS ÔåÉ IEUS] upserts: 1
[07:02:56] [IEV ÔåÉ IEV] upserts: 1
[07:02:56] [IEZ ÔåÉ IEZ] upserts: 1
[07:02:56] [IFBD ÔåÉ IFBD] upserts: 1
[07:02:56] [IFGL ÔåÉ IFGL] upserts: 1
[07:02:56] [IFRA ÔåÉ IFRA] upserts: 1
[07:02:56] [IGBH ÔåÉ IGBH] upserts: 1
[07:02:56] [IGE ÔåÉ IGE] upserts: 1
[07:02:56] [IGF ÔåÉ IGF] upserts: 1
[07:02:56] [IGIB ÔåÉ IGIB] upserts: 1
[07:02:56] [IGIC ÔåÉ IGIC] upserts: 1
[07:02:56] [IGLB ÔåÉ IGLB] upserts: 1
[07:02:56] [IGLD ÔåÉ IGLD] upserts: 1
[07:02:56] [IGM ÔåÉ IGM] upserts: 1
[07:02:56] [IGOV ÔåÉ IGOV] upserts: 1
[07:02:56] [IGRO ÔåÉ IGRO] upserts: 1
[07:02:56] [IGSB ÔåÉ IGSB] upserts: 1
[07:02:56] [IGV ÔåÉ IGV] upserts: 1
[07:02:56] [IHAK ÔåÉ IHAK] upserts: 1
[07:02:56] [IHE ÔåÉ IHE] upserts: 1
[07:02:56] [IHF ÔåÉ IHF] upserts: 1
[07:02:56] [IHI ÔåÉ IHI] upserts: 1
[07:02:56] [IIPR ÔåÉ IIPR] upserts: 1
[07:02:56] [IJH ÔåÉ IJH] upserts: 1
[07:02:56] [IJJ ÔåÉ IJJ] upserts: 1
[07:02:56] [IJK ÔåÉ IJK] upserts: 1
[07:02:56] [IJR ÔåÉ IJR] upserts: 1
[07:02:56] [IJS ÔåÉ IJS] upserts: 1
[07:02:56] [IJT ÔåÉ IJT] upserts: 1
[07:02:56] [ILCB ÔåÉ ILCB] upserts: 1
[07:02:56] [ILCG ÔåÉ ILCG] upserts: 1
[07:02:56] [ILCV ÔåÉ ILCV] upserts: 1
[07:02:56] [ILF ÔåÉ ILF] upserts: 1
[07:02:56] [ILIT ÔåÉ ILIT] upserts: 1
[07:02:56] [ILMN ÔåÉ ILMN] upserts: 1
[07:02:56] [ILPT ÔåÉ ILPT] upserts: 1
[07:02:56] [ILTB ÔåÉ ILTB] upserts: 1
[07:02:56] [IMCB ÔåÉ IMCB] upserts: 1
[07:02:56] [IMCG ÔåÉ IMCG] upserts: 1
[07:02:56] [IMCV ÔåÉ IMCV] upserts: 1
[07:02:56] [IMMR ÔåÉ IMMR] upserts: 1
[07:02:56] [IMO ÔåÉ IMO] upserts: 1
[07:02:56] [IMOS ÔåÉ IMOS] upserts: 1
[07:02:56] [IMTB ÔåÉ IMTB] upserts: 1
[07:02:56] [IMTM ÔåÉ IMTM] upserts: 1
[07:02:56] [INCO ÔåÉ INCO] upserts: 1
[07:02:56] [INCY ÔåÉ INCY] upserts: 1
[07:02:56] [INDA ÔåÉ INDA] upserts: 1
[07:02:56] [INDY ÔåÉ INDY] upserts: 1
[07:02:56] [INFY ÔåÉ INFY] upserts: 1
[07:02:56] [ING ÔåÉ ING] upserts: 1
[07:02:56] [INKT ÔåÉ INKT] upserts: 1
[07:02:56] [INMD ÔåÉ INMD] upserts: 1
[07:02:56] [INMU ÔåÉ INMU] upserts: 1
[07:02:56] [INR ÔåÉ INR] upserts: 1
[07:02:56] [INTA ÔåÉ INTA] upserts: 1
[07:02:56] [INTC ÔåÉ INTC] upserts: 1
[07:02:56] [INTF ÔåÉ INTF] upserts: 1
[07:02:56] [INTU ÔåÉ INTU] upserts: 1
[07:02:56] [IONQ ÔåÉ IONQ] upserts: 1
[07:02:56] [IONS ÔåÉ IONS] upserts: 1
[07:02:56] [IOO ÔåÉ IOO] upserts: 1
[07:02:56] [IOT ÔåÉ IOT] upserts: 1
[07:02:56] [IOVA ÔåÉ IOVA] upserts: 1
[07:02:56] [IP ÔåÉ IP] upserts: 1
[07:02:56] [IPAC ÔåÉ IPAC] upserts: 1
[07:02:56] [IPAR ÔåÉ IPAR] upserts: 1
[07:02:56] [IPAY ÔåÉ IPAY] upserts: 1
[07:02:56] [IPGP ÔåÉ IPGP] upserts: 1
[07:02:56] [IQ ÔåÉ IQ] upserts: 1
[07:02:56] [IQLT ÔåÉ IQLT] upserts: 1
[07:02:56] [IRDM ÔåÉ IRDM] upserts: 1
[07:02:56] [IREN ÔåÉ IREN] upserts: 1
[07:02:56] [IRM ÔåÉ IRM] upserts: 1
[07:02:56] [IRTR ÔåÉ IRTR] upserts: 1
[07:02:56] [ISCB ÔåÉ ISCB] upserts: 1
[07:02:56] [ISCG ÔåÉ ISCG] upserts: 1
[07:02:56] [ISCV ÔåÉ ISCV] upserts: 1
[07:02:56] [ISRG ÔåÉ ISRG] upserts: 1
[07:02:56] [ISTB ÔåÉ ISTB] upserts: 1
[07:02:56] [ISVL ÔåÉ ISVL] upserts: 1
[07:02:56] [ITA ÔåÉ ITA] upserts: 1
[07:02:56] [ITB ÔåÉ ITB] upserts: 1
[07:02:56] [ITDB ÔåÉ ITDB] upserts: 1
[07:02:56] [ITDC ÔåÉ ITDC] upserts: 1
[07:02:56] [ITDD ÔåÉ ITDD] upserts: 1
[07:02:56] [ITDE ÔåÉ ITDE] upserts: 1
[07:02:56] [ITDF ÔåÉ ITDF] upserts: 1
[07:02:56] [ITDG ÔåÉ ITDG] upserts: 1
[07:02:56] [ITDH ÔåÉ ITDH] upserts: 1
[07:02:56] [ITDI ÔåÉ ITDI] upserts: 1
[07:02:56] [ITDJ ÔåÉ ITDJ] upserts: 1
[07:02:56] [ITGR ÔåÉ ITGR] upserts: 1
[07:02:56] [ITOT ÔåÉ ITOT] upserts: 1
[07:02:56] [ITRI ÔåÉ ITRI] upserts: 1
[07:02:56] [ITRN ÔåÉ ITRN] upserts: 1
[07:02:56] [ITUB ÔåÉ ITUB] upserts: 1
[07:02:56] [ITW ÔåÉ ITW] upserts: 1
[07:02:56] [IUSB ÔåÉ IUSB] upserts: 1
[07:02:56] [IUSG ÔåÉ IUSG] upserts: 1
[07:02:56] [IUSV ÔåÉ IUSV] upserts: 1
[07:02:56] [IVE ÔåÉ IVE] upserts: 1
[07:02:56] [IVLU ÔåÉ IVLU] upserts: 1
[07:02:56] [IVOG ÔåÉ IVOG] upserts: 1
[07:02:56] [IVOO ÔåÉ IVOO] upserts: 1
[07:02:56] [IVOV ÔåÉ IVOV] upserts: 1
[07:02:56] [IVR ÔåÉ IVR] upserts: 1
[07:02:56] [IVV ÔåÉ IVV] upserts: 1
[07:02:56] [IVVB ÔåÉ IVVB] upserts: 1
[07:02:56] [IVVD ÔåÉ IVVD] upserts: 1
[07:03:30] $NGD: possibly delisted; no price data found  (1d 2026-03-21 -> 2026-04-04)
[07:09:20] [IVVM ÔåÉ IVVM] upserts: 1
[07:09:20] [IVW ÔåÉ IVW] upserts: 1
[07:09:20] [IVZ ÔåÉ IVZ] upserts: 1
[07:09:20] [IWB ÔåÉ IWB] upserts: 1
[07:09:20] [IWC ÔåÉ IWC] upserts: 1
[07:09:20] [IWD ÔåÉ IWD] upserts: 1
[07:09:20] [IWF ÔåÉ IWF] upserts: 1
[07:09:20] [IWL ÔåÉ IWL] upserts: 1
[07:09:20] [IWM ÔåÉ IWM] upserts: 1
[07:09:20] [IWMY ÔåÉ IWMY] upserts: 1
[07:09:20] [IWN ÔåÉ IWN] upserts: 1
[07:09:20] [IWO ÔåÉ IWO] upserts: 1
[07:09:20] [IWP ÔåÉ IWP] upserts: 1
[07:09:20] [IWR ÔåÉ IWR] upserts: 1
[07:09:20] [IWS ÔåÉ IWS] upserts: 1
[07:09:20] [IWV ÔåÉ IWV] upserts: 1
[07:09:20] [IWX ÔåÉ IWX] upserts: 1
[07:09:20] [IWY ÔåÉ IWY] upserts: 1
[07:09:20] [IX ÔåÉ IX] upserts: 1
[07:09:20] [IXC ÔåÉ IXC] upserts: 1
[07:09:20] [IXG ÔåÉ IXG] upserts: 1
[07:09:20] [IXJ ÔåÉ IXJ] upserts: 1
[07:09:20] [IXN ÔåÉ IXN] upserts: 1
[07:09:20] [IXP ÔåÉ IXP] upserts: 1
[07:09:20] [IXUS ÔåÉ IXUS] upserts: 1
[07:09:20] [IYC ÔåÉ IYC] upserts: 1
[07:09:20] [IYE ÔåÉ IYE] upserts: 1
[07:09:20] [IYF ÔåÉ IYF] upserts: 1
[07:09:20] [IYG ÔåÉ IYG] upserts: 1
[07:09:20] [IYH ÔåÉ IYH] upserts: 1
[07:09:20] [IYJ ÔåÉ IYJ] upserts: 1
[07:09:20] [IYK ÔåÉ IYK] upserts: 1
[07:09:20] [IYM ÔåÉ IYM] upserts: 1
[07:09:20] [IYR ÔåÉ IYR] upserts: 1
[07:09:20] [IYT ÔåÉ IYT] upserts: 1
[07:09:20] [IYW ÔåÉ IYW] upserts: 1
[07:09:20] [IYY ÔåÉ IYY] upserts: 1
[07:09:20] [IYZ ÔåÉ IYZ] upserts: 1
[07:09:20] [JAKK ÔåÉ JAKK] upserts: 1
[07:09:20] [JAZZ ÔåÉ JAZZ] upserts: 1
[07:09:20] [JBLU ÔåÉ JBLU] upserts: 1
[07:09:20] [JD ÔåÉ JD] upserts: 1
[07:09:20] [JEPI ÔåÉ JEPI] upserts: 1
[07:09:20] [JEPQ ÔåÉ JEPQ] upserts: 1
[07:09:20] [JETS ÔåÉ JETS] upserts: 1
[07:09:20] [JJSF ÔåÉ JJSF] upserts: 1
[07:09:20] [JKS ÔåÉ JKS] upserts: 1
[07:09:20] [JMIA ÔåÉ JMIA] upserts: 1
[07:09:20] [JNJ ÔåÉ JNJ] upserts: 1
[07:09:20] [JNK ÔåÉ JNK] upserts: 1
[07:09:20] [JOBY ÔåÉ JOBY] upserts: 1
[07:09:20] [JOE ÔåÉ JOE] upserts: 1
[07:09:20] [JOF ÔåÉ JOF] upserts: 1
[07:09:20] [JPM ÔåÉ JPM] upserts: 1
[07:09:20] [JPMO ÔåÉ JPMO] upserts: 1
[07:09:20] [JPST ÔåÉ JPST] upserts: 1
[07:09:20] [JXI ÔåÉ JXI] upserts: 1
[07:09:20] [JXN ÔåÉ JXN] upserts: 1
[07:09:20] [KALA ÔåÉ KALA] upserts: 1
[07:09:20] [KARS ÔåÉ KARS] upserts: 1
[07:09:20] [KBE ÔåÉ KBE] upserts: 1
[07:09:20] [KBH ÔåÉ KBH] upserts: 1
[07:09:20] [KBWD ÔåÉ KBWD] upserts: 1
[07:09:20] [KBWY ÔåÉ KBWY] upserts: 1
[07:09:20] [KC ÔåÉ KC] upserts: 1
[07:09:20] [KCE ÔåÉ KCE] upserts: 1
[07:09:20] [KD ÔåÉ KD] upserts: 1
[07:09:20] [KELYA ÔåÉ KELYA] upserts: 1
[07:09:20] [KEN ÔåÉ KEN] upserts: 1
[07:09:20] [KEYS ÔåÉ KEYS] upserts: 1
[07:09:20] [KFIIU ÔåÉ KFIIU] upserts: 1
[07:09:20] [KFY ÔåÉ KFY] upserts: 1
[07:09:20] [KGC ÔåÉ KGC] upserts: 1
[07:09:20] [KHC ÔåÉ KHC] upserts: 1
[07:09:20] [KIE ÔåÉ KIE] upserts: 1
[07:09:20] [KKR ÔåÉ KKR] upserts: 1
[07:09:20] [KLAC ÔåÉ KLAC] upserts: 1
[07:09:20] [KLIP ÔåÉ KLIP] upserts: 1
[07:09:20] [KMB ÔåÉ KMB] upserts: 1
[07:09:20] [KMI ÔåÉ KMI] upserts: 1
[07:09:20] [KMT ÔåÉ KMT] upserts: 1
[07:09:20] [KMTS ÔåÉ KMTS] upserts: 1
[07:09:20] [KMX ÔåÉ KMX] upserts: 1
[07:09:20] [KNG ÔåÉ KNG] upserts: 1
[07:09:20] [KNSL ÔåÉ KNSL] upserts: 1
[07:09:20] [KO ÔåÉ KO] upserts: 1
[07:09:20] [KOF ÔåÉ KOF] upserts: 1
[07:09:20] [KOID ÔåÉ KOID] upserts: 1
[07:09:20] [KOLD ÔåÉ KOLD] upserts: 1
[07:09:20] [KOMP ÔåÉ KOMP] upserts: 1
[07:09:20] [KOS ÔåÉ KOS] upserts: 1
[07:09:20] [KOSS ÔåÉ KOSS] upserts: 1
[07:09:20] [KR ÔåÉ KR] upserts: 1
[07:09:20] [KRC ÔåÉ KRC] upserts: 1
[07:09:20] [KRE ÔåÉ KRE] upserts: 1
[07:09:20] [KRMA ÔåÉ KRMA] upserts: 1
[07:09:20] [KRMN ÔåÉ KRMN] upserts: 1
[07:09:20] [KSA ÔåÉ KSA] upserts: 1
[07:09:20] [KSS ÔåÉ KSS] upserts: 1
[07:09:20] [KTOS ÔåÉ KTOS] upserts: 1
[07:09:20] [KULR ÔåÉ KULR] upserts: 1
[07:09:20] [KVUE ÔåÉ KVUE] upserts: 1
[07:09:20] [KVYO ÔåÉ KVYO] upserts: 1
[07:09:20] [KWEB ÔåÉ KWEB] upserts: 1
[07:09:20] [KWT ÔåÉ KWT] upserts: 1
[07:09:20] [KXI ÔåÉ KXI] upserts: 1
[07:09:20] [LABD ÔåÉ LABD] upserts: 1
[07:09:21] [LABU ÔåÉ LABU] upserts: 1
[07:09:21] [LAC ÔåÉ LAC] upserts: 1
[07:09:21] [LAD ÔåÉ LAD] upserts: 1
[07:09:21] [LAKE ÔåÉ LAKE] upserts: 1
[07:09:21] [LAND ÔåÉ LAND] upserts: 1
[07:09:21] [LANV ÔåÉ LANV] upserts: 1
[07:09:21] [LAR ÔåÉ LAR] upserts: 1
[07:09:21] [LAZ ÔåÉ LAZ] upserts: 1
[07:09:21] [LBRDA ÔåÉ LBRDA] upserts: 1
[07:09:21] [LCID ÔåÉ LCID] upserts: 1
[07:09:21] [LCTD ÔåÉ LCTD] upserts: 1
[07:09:21] [LCTU ÔåÉ LCTU] upserts: 1
[07:09:21] [LDEM ÔåÉ LDEM] upserts: 1
[07:09:21] [LEG ÔåÉ LEG] upserts: 1
[07:09:21] [LEMB ÔåÉ LEMB] upserts: 1
[07:09:21] [LEN ÔåÉ LEN] upserts: 1
[07:09:21] [LEU ÔåÉ LEU] upserts: 1
[07:09:21] [LEVI ÔåÉ LEVI] upserts: 1
[07:09:21] [LFGY ÔåÉ LFGY] upserts: 1
[07:09:21] [LFMD ÔåÉ LFMD] upserts: 1
[07:09:21] [LGIH ÔåÉ LGIH] upserts: 1
[07:09:21] [LGLV ÔåÉ LGLV] upserts: 1
[07:09:21] [LHX ÔåÉ LHX] upserts: 1
[07:09:21] [LI ÔåÉ LI] upserts: 1
[07:09:21] [LILA ÔåÉ LILA] upserts: 1
[07:09:21] [LIN ÔåÉ LIN] upserts: 1
[07:09:21] [LIT ÔåÉ LIT] upserts: 1
[07:09:21] [LLY ÔåÉ LLY] upserts: 1
[07:09:21] [LLYVK ÔåÉ LLYVK] upserts: 1
[07:09:21] [LMND ÔåÉ LMND] upserts: 1
[07:09:21] [LMT ÔåÉ LMT] upserts: 1
[07:09:21] [LND ÔåÉ LND] upserts: 1
[07:09:21] [LNG ÔåÉ LNG] upserts: 1
[07:09:21] [LNTH ÔåÉ LNTH] upserts: 1
[07:09:21] [LOB ÔåÉ LOB] upserts: 1
[07:09:21] [LOCL ÔåÉ LOCL] upserts: 1
[07:09:21] [LOGC ÔåÉ LOGC] upserts: 1
[07:09:21] [LOGI ÔåÉ LOGI] upserts: 1
[07:09:21] [LOKVU ÔåÉ LOKVU] upserts: 1
[07:09:21] [LOMA ÔåÉ LOMA] upserts: 1
[07:09:21] [LOVE ÔåÉ LOVE] upserts: 1
[07:09:21] [LOW ÔåÉ LOW] upserts: 1
[07:09:21] [LPG ÔåÉ LPG] upserts: 1
[07:09:21] [LPLA ÔåÉ LPLA] upserts: 1
[07:09:21] [LPSN ÔåÉ LPSN] upserts: 1
[07:09:21] [LPX ÔåÉ LPX] upserts: 1
[07:09:21] [LQD ÔåÉ LQD] upserts: 1
[07:09:21] [LQDH ÔåÉ LQDH] upserts: 1
[07:09:21] [LQDW ÔåÉ LQDW] upserts: 1
[07:09:21] [LRCX ÔåÉ LRCX] upserts: 1
[07:09:21] [LRGF ÔåÉ LRGF] upserts: 1
[07:09:21] [LRN ÔåÉ LRN] upserts: 1
[07:09:21] [LSCC ÔåÉ LSCC] upserts: 1
[07:09:21] [LSTR ÔåÉ LSTR] upserts: 1
[07:09:21] [LTC ÔåÉ LTC] upserts: 1
[07:09:21] [LTPZ ÔåÉ LTPZ] upserts: 1
[07:09:21] [LU ÔåÉ LU] upserts: 1
[07:09:21] [LULU ÔåÉ LULU] upserts: 1
[07:09:21] [LUMN ÔåÉ LUMN] upserts: 1
[07:09:21] [LUNR ÔåÉ LUNR] upserts: 1
[07:09:21] [LUV ÔåÉ LUV] upserts: 1
[07:09:21] [LUXE ÔåÉ LUXE] upserts: 1
[07:09:21] [LVHI ÔåÉ LVHI] upserts: 1
[07:09:21] [LW ÔåÉ LW] upserts: 1
[07:09:21] [LYB ÔåÉ LYB] upserts: 1
[07:09:21] [LYEL ÔåÉ LYEL] upserts: 1
[07:09:21] [LYFT ÔåÉ LYFT] upserts: 1
[07:09:21] [M ÔåÉ M] upserts: 1
[07:09:21] [MA ÔåÉ MA] upserts: 1
[07:09:21] [MAA ÔåÉ MAA] upserts: 1
[07:09:21] [MAC ÔåÉ MAC] upserts: 1
[07:09:21] [MADE ÔåÉ MADE] upserts: 1
[07:09:21] [MAGN ÔåÉ MAGN] upserts: 1
[07:09:21] [MAGS ÔåÉ MAGS] upserts: 1
[07:09:21] [MAGX ÔåÉ MAGX] upserts: 1
[07:09:21] [MAIN ÔåÉ MAIN] upserts: 1
[07:09:21] [MANU ÔåÉ MANU] upserts: 1
[07:09:21] [MARA ÔåÉ MARA] upserts: 1
[07:09:21] [MASI ÔåÉ MASI] upserts: 1
[07:09:21] [MAT ÔåÉ MAT] upserts: 1
[07:09:21] [MATX ÔåÉ MATX] upserts: 1
[07:09:21] [MAXJ ÔåÉ MAXJ] upserts: 1
[07:09:21] [MBB ÔåÉ MBB] upserts: 1
[07:09:21] [MBC ÔåÉ MBC] upserts: 1
[07:09:21] [MBLY ÔåÉ MBLY] upserts: 1
[07:09:21] [MBOT ÔåÉ MBOT] upserts: 1
[07:09:21] [MBUU ÔåÉ MBUU] upserts: 1
[07:09:21] [MC ÔåÉ MC] upserts: 1
[07:09:21] [MCD ÔåÉ MCD] upserts: 1
[07:09:21] [MCHI ÔåÉ MCHI] upserts: 1
[07:09:21] [MCHP ÔåÉ MCHP] upserts: 1
[07:09:21] [MCK ÔåÉ MCK] upserts: 1
[07:09:21] [MCO ÔåÉ MCO] upserts: 1
[07:09:21] [MCRB ÔåÉ MCRB] upserts: 1
[07:09:21] [MCRP ÔåÉ MCRP] upserts: 1
[07:09:21] [MDB ÔåÉ MDB] upserts: 1
[07:09:21] [MDLZ ÔåÉ MDLZ] upserts: 1
[07:09:21] [MDT ÔåÉ MDT] upserts: 1
[07:09:21] [MDY ÔåÉ MDY] upserts: 1
[07:09:21] [MDYG ÔåÉ MDYG] upserts: 1
[07:09:21] [MDYV ÔåÉ MDYV] upserts: 1
[07:09:21] [MEAR ÔåÉ MEAR] upserts: 1
[07:09:21] [MED ÔåÉ MED] upserts: 1
[07:09:21] [MEDP ÔåÉ MEDP] upserts: 1
[07:09:21] [MEG ÔåÉ MEG] upserts: 1
[07:09:21] [MELI ÔåÉ MELI] upserts: 1
[07:09:21] [MET ÔåÉ MET] upserts: 1
[07:09:21] [META ÔåÉ META] upserts: 1
[07:09:21] [METU ÔåÉ METU] upserts: 1
[07:09:21] [METV ÔåÉ METV] upserts: 1
[07:09:21] [MFA ÔåÉ MFA] upserts: 1
[07:09:21] [MFC ÔåÉ MFC] upserts: 1
[07:09:21] [MFIC ÔåÉ MFIC] upserts: 1
[07:09:21] [MGC ÔåÉ MGC] upserts: 1
[07:09:21] [MGEE ÔåÉ MGEE] upserts: 1
[07:09:21] [MGK ÔåÉ MGK] upserts: 1
[07:09:21] [MGM ÔåÉ MGM] upserts: 1
[07:09:21] [MGNI ÔåÉ MGNI] upserts: 1
[07:09:21] [MGPI ÔåÉ MGPI] upserts: 1
[07:09:21] [MGRC ÔåÉ MGRC] upserts: 1
[07:09:21] [MGV ÔåÉ MGV] upserts: 1
[07:09:21] [MGY ÔåÉ MGY] upserts: 1
[07:09:21] [MHO ÔåÉ MHO] upserts: 1
[07:09:21] [MIDD ÔåÉ MIDD] upserts: 1
[07:09:21] [MILN ÔåÉ MILN] upserts: 1
[07:09:21] [MKC ÔåÉ MKC] upserts: 1
[07:09:21] [MKL ÔåÉ MKL] upserts: 1
[07:09:21] [MKTX ÔåÉ MKTX] upserts: 1
[07:09:21] [MLN ÔåÉ MLN] upserts: 1
[07:09:21] [MLPA ÔåÉ MLPA] upserts: 1
[07:09:21] [MLPX ÔåÉ MLPX] upserts: 1
[07:09:21] [MLYS ÔåÉ MLYS] upserts: 1
[07:09:21] [MMM ÔåÉ MMM] upserts: 1
[07:09:21] [MMYT ÔåÉ MMYT] upserts: 1
[07:09:21] [MNDY ÔåÉ MNDY] upserts: 1
[07:09:21] [MNSO ÔåÉ MNSO] upserts: 1
[07:09:21] [MNST ÔåÉ MNST] upserts: 1
[07:09:21] [MNTS ÔåÉ MNTS] upserts: 1
[07:09:21] [MO ÔåÉ MO] upserts: 1
[07:09:21] [MOAT ÔåÉ MOAT] upserts: 1
[07:09:21] [MOD ÔåÉ MOD] upserts: 1
[07:09:21] [MOH ÔåÉ MOH] upserts: 1
[07:09:21] [MOO ÔåÉ MOO] upserts: 1
[07:09:21] [MORT ÔåÉ MORT] upserts: 1
[07:09:21] [MOS ÔåÉ MOS] upserts: 1
[07:09:21] [MOV ÔåÉ MOV] upserts: 1
[07:09:21] [MP ÔåÉ MP] upserts: 1
[07:09:21] [MPB ÔåÉ MPB] upserts: 1
[07:09:21] [MPC ÔåÉ MPC] upserts: 1
[07:09:21] [MPW ÔåÉ MPW] upserts: 1
[07:09:21] [MPWR ÔåÉ MPWR] upserts: 1
[07:09:21] [MRK ÔåÉ MRK] upserts: 1
[07:09:21] [MRNA ÔåÉ MRNA] upserts: 1
[07:09:21] [MRP ÔåÉ MRP] upserts: 1
[07:09:21] [MRVL ÔåÉ MRVL] upserts: 1
[07:09:21] [MRX ÔåÉ MRX] upserts: 1
[07:09:21] [MS ÔåÉ MS] upserts: 1
[07:09:21] [MSA ÔåÉ MSA] upserts: 1
[07:09:21] [MSCI ÔåÉ MSCI] upserts: 1
[07:09:21] [MSFL ÔåÉ MSFL] upserts: 1
[07:09:21] [MSFO ÔåÉ MSFO] upserts: 1
[07:09:21] [MSFT ÔåÉ MSFT] upserts: 1
[07:09:21] [MSFX ÔåÉ MSFX] upserts: 1
[07:09:21] [MSI ÔåÉ MSI] upserts: 1
[07:09:21] [MSM ÔåÉ MSM] upserts: 1
[07:09:21] [MSOS ÔåÉ MSOS] upserts: 1
[07:09:21] [MSPR ÔåÉ MSPR] upserts: 1
[07:09:21] [MSPRW ÔåÉ MSPRW] upserts: 1
[07:09:21] [MSTR ÔåÉ MSTR] upserts: 1
[07:09:21] [MSTU ÔåÉ MSTU] upserts: 1
[07:09:21] [MSTY ÔåÉ MSTY] upserts: 1
[07:09:21] [MSTZ ÔåÉ MSTZ] upserts: 1
[07:09:21] [MT ÔåÉ MT] upserts: 1
[07:09:21] [MTB ÔåÉ MTB] upserts: 1
[07:09:21] [MTCH ÔåÉ MTCH] upserts: 1
[07:09:21] [MTD ÔåÉ MTD] upserts: 1
[07:09:21] [MTDR ÔåÉ MTDR] upserts: 1
[07:09:21] [MTN ÔåÉ MTN] upserts: 1
[07:09:21] [MTSR ÔåÉ MTSR] upserts: 1
[07:09:21] [MTUM ÔåÉ MTUM] upserts: 1
[07:09:21] [MTUS ÔåÉ MTUS] upserts: 1
[07:09:21] [MU ÔåÉ MU] upserts: 1
[07:09:21] [MUB ÔåÉ MUB] upserts: 1
[07:09:21] [MUFG ÔåÉ MUFG] upserts: 1
[07:09:21] [MUR ÔåÉ MUR] upserts: 1
[07:09:21] [MUSA ÔåÉ MUSA] upserts: 1
[07:09:21] [MUX ÔåÉ MUX] upserts: 1
[07:09:21] [MVIS ÔåÉ MVIS] upserts: 1
[07:09:21] [MVST ÔåÉ MVST] upserts: 1
[07:09:21] [MXI ÔåÉ MXI] upserts: 1
[07:09:21] [MXL ÔåÉ MXL] upserts: 1
[07:09:21] [MYCF ÔåÉ MYCF] upserts: 1
[07:09:21] [MYCG ÔåÉ MYCG] upserts: 1
[07:09:21] [MYCH ÔåÉ MYCH] upserts: 1
[07:09:21] [MYCI ÔåÉ MYCI] upserts: 1
[07:09:21] [MYCJ ÔåÉ MYCJ] upserts: 1
[07:09:21] [MYCK ÔåÉ MYCK] upserts: 1
[07:12:49] $SNCR: possibly delisted; no price data found  (1d 2026-02-20 -> 2026-04-04)
[07:15:48] [MYCL ÔåÉ MYCL] upserts: 1
[07:15:48] [MYCM ÔåÉ MYCM] upserts: 1
[07:15:48] [MYCN ÔåÉ MYCN] upserts: 1
[07:15:48] [MYE ÔåÉ MYE] upserts: 1
[07:15:48] [MYMF ÔåÉ MYMF] upserts: 1
[07:15:48] [MYMG ÔåÉ MYMG] upserts: 1
[07:15:48] [MYMH ÔåÉ MYMH] upserts: 1
[07:15:48] [MYMI ÔåÉ MYMI] upserts: 1
[07:15:48] [MYMJ ÔåÉ MYMJ] upserts: 1
[07:15:48] [MZTI ÔåÉ MZTI] upserts: 1
[07:15:48] [NAIL ÔåÉ NAIL] upserts: 1
[07:15:48] [NANR ÔåÉ NANR] upserts: 1
[07:15:48] [NAT ÔåÉ NAT] upserts: 1
[07:15:48] [NBIS ÔåÉ NBIS] upserts: 1
[07:15:48] [NBIX ÔåÉ NBIX] upserts: 1
[07:15:48] [NCLH ÔåÉ NCLH] upserts: 1
[07:15:48] [NDAQ ÔåÉ NDAQ] upserts: 1
[07:15:48] [NDSN ÔåÉ NDSN] upserts: 1
[07:15:48] [NEAR ÔåÉ NEAR] upserts: 1
[07:15:48] [NEE ÔåÉ NEE] upserts: 1
[07:15:48] [NEM ÔåÉ NEM] upserts: 1
[07:15:48] [NEOG ÔåÉ NEOG] upserts: 1
[07:15:48] [NET ÔåÉ NET] upserts: 1
[07:15:48] [NEU ÔåÉ NEU] upserts: 1
[07:15:48] [NEWT ÔåÉ NEWT] upserts: 1
[07:15:48] [NFE ÔåÉ NFE] upserts: 1
[07:15:48] [NFG ÔåÉ NFG] upserts: 1
[07:15:48] [NFLX ÔåÉ NFLX] upserts: 1
[07:15:48] [NGG ÔåÉ NGG] upserts: 1
[07:15:48] [NHI ÔåÉ NHI] upserts: 1
[07:15:48] [NHICU ÔåÉ NHICU] upserts: 1
[07:15:48] [NHTC ÔåÉ NHTC] upserts: 1
[07:15:48] [NICE ÔåÉ NICE] upserts: 1
[07:15:48] [NIO ÔåÉ NIO] upserts: 1
[07:15:49] [NIU ÔåÉ NIU] upserts: 1
[07:15:49] [NKE ÔåÉ NKE] upserts: 1
[07:15:49] [NKTR ÔåÉ NKTR] upserts: 1
[07:15:49] [NLOP ÔåÉ NLOP] upserts: 1
[07:15:49] [NLY ÔåÉ NLY] upserts: 1
[07:15:49] [NMM ÔåÉ NMM] upserts: 1
[07:15:49] [NMRA ÔåÉ NMRA] upserts: 1
[07:15:49] [NNDM ÔåÉ NNDM] upserts: 1
[07:15:49] [NNE ÔåÉ NNE] upserts: 1
[07:15:49] [NNN ÔåÉ NNN] upserts: 1
[07:15:49] [NOA ÔåÉ NOA] upserts: 1
[07:15:49] [NOBL ÔåÉ NOBL] upserts: 1
[07:15:49] [NOC ÔåÉ NOC] upserts: 1
[07:15:49] [NOG ÔåÉ NOG] upserts: 1
[07:15:49] [NOK ÔåÉ NOK] upserts: 1
[07:15:49] [NOMD ÔåÉ NOMD] upserts: 1
[07:15:49] [NOV ÔåÉ NOV] upserts: 1
[07:15:49] [NOW ÔåÉ NOW] upserts: 1
[07:15:49] [NPCE ÔåÉ NPCE] upserts: 1
[07:15:49] [NPK ÔåÉ NPK] upserts: 1
[07:15:49] [NRDS ÔåÉ NRDS] upserts: 1
[07:15:49] [NRG ÔåÉ NRG] upserts: 1
[07:15:49] [NRGV ÔåÉ NRGV] upserts: 1
[07:15:49] [NSA ÔåÉ NSA] upserts: 1
[07:15:49] [NSC ÔåÉ NSC] upserts: 1
[07:15:49] [NSIT ÔåÉ NSIT] upserts: 1
[07:15:49] [NSSC ÔåÉ NSSC] upserts: 1
[07:15:49] [NTES ÔåÉ NTES] upserts: 1
[07:15:49] [NTLA ÔåÉ NTLA] upserts: 1
[07:15:49] [NTNX ÔåÉ NTNX] upserts: 1
[07:15:49] [NTR ÔåÉ NTR] upserts: 1
[07:15:49] [NTRA ÔåÉ NTRA] upserts: 1
[07:15:49] [NTRS ÔåÉ NTRS] upserts: 1
[07:15:49] [NTSX ÔåÉ NTSX] upserts: 1
[07:15:49] [NU ÔåÉ NU] upserts: 1
[07:15:49] [NUE ÔåÉ NUE] upserts: 1
[07:15:49] [NUGT ÔåÉ NUGT] upserts: 1
[07:15:49] [NUKZ ÔåÉ NUKZ] upserts: 1
[07:15:49] [NUS ÔåÉ NUS] upserts: 1
[07:15:49] [NUTX ÔåÉ NUTX] upserts: 1
[07:15:49] [NUVB ÔåÉ NUVB] upserts: 1
[07:15:49] [NUWE ÔåÉ NUWE] upserts: 1
[07:15:49] [NVAX ÔåÉ NVAX] upserts: 1
[07:15:49] [NVCR ÔåÉ NVCR] upserts: 1
[07:15:49] [NVDA ÔåÉ NVDA] upserts: 1
[07:15:49] [NVDL ÔåÉ NVDL] upserts: 1
[07:15:49] [NVDQ ÔåÉ NVDQ] upserts: 1
[07:15:49] [NVDX ÔåÉ NVDX] upserts: 1
[07:15:49] [NVDY ÔåÉ NVDY] upserts: 1
[07:15:49] [NVEC ÔåÉ NVEC] upserts: 1
[07:15:49] [NVGS ÔåÉ NVGS] upserts: 1
[07:15:49] [NVMI ÔåÉ NVMI] upserts: 1
[07:15:49] [NVO ÔåÉ NVO] upserts: 1
[07:15:49] [NVS ÔåÉ NVS] upserts: 1
[07:15:49] [NWBI ÔåÉ NWBI] upserts: 1
[07:15:49] [NWG ÔåÉ NWG] upserts: 1
[07:15:49] [NWL ÔåÉ NWL] upserts: 1
[07:15:49] [NWN ÔåÉ NWN] upserts: 1
[07:15:49] [NXE ÔåÉ NXE] upserts: 1
[07:15:49] [NXST ÔåÉ NXST] upserts: 1
[07:15:49] [NXT ÔåÉ NXT] upserts: 1
[07:15:49] [NYF ÔåÉ NYF] upserts: 1
[07:15:49] [NYT ÔåÉ NYT] upserts: 1
[07:15:49] [NZAC ÔåÉ NZAC] upserts: 1
[07:15:49] [O ÔåÉ O] upserts: 1
[07:15:49] [OBDC ÔåÉ OBDC] upserts: 1
[07:15:49] [OCGN ÔåÉ OCGN] upserts: 1
[07:15:49] [OCUL ÔåÉ OCUL] upserts: 1
[07:15:49] [ODD ÔåÉ ODD] upserts: 1
[07:15:49] [ODFL ÔåÉ ODFL] upserts: 1
[07:15:49] [OEF ÔåÉ OEF] upserts: 1
[07:15:49] [OGE ÔåÉ OGE] upserts: 1
[07:15:49] [OGI ÔåÉ OGI] upserts: 1
[07:15:49] [OGN ÔåÉ OGN] upserts: 1
[07:15:49] [OHI ÔåÉ OHI] upserts: 1
[07:15:49] [OIH ÔåÉ OIH] upserts: 1
[07:15:49] [OKE ÔåÉ OKE] upserts: 1
[07:15:49] [OKLO ÔåÉ OKLO] upserts: 1
[07:15:49] [OKTA ÔåÉ OKTA] upserts: 1
[07:15:49] [OLN ÔåÉ OLN] upserts: 1
[07:15:49] [OLPX ÔåÉ OLPX] upserts: 1
[07:15:49] [OMAB ÔåÉ OMAB] upserts: 1
[07:15:49] [OMC ÔåÉ OMC] upserts: 1
[07:15:49] [OMER ÔåÉ OMER] upserts: 1
[07:15:49] [ON ÔåÉ ON] upserts: 1
[07:15:49] [ONEO ÔåÉ ONEO] upserts: 1
[07:15:49] [ONEV ÔåÉ ONEV] upserts: 1
[07:15:49] [ONEY ÔåÉ ONEY] upserts: 1
[07:15:49] [ONL ÔåÉ ONL] upserts: 1
[07:15:49] [ONON ÔåÉ ONON] upserts: 1
[07:15:49] [OPEN ÔåÉ OPEN] upserts: 1
[07:15:49] [OPK ÔåÉ OPK] upserts: 1
[07:15:49] [OPRA ÔåÉ OPRA] upserts: 1
[07:15:49] [ORC ÔåÉ ORC] upserts: 1
[07:15:49] [ORCL ÔåÉ ORCL] upserts: 1
[07:15:49] [ORGN ÔåÉ ORGN] upserts: 1
[07:15:49] [ORI ÔåÉ ORI] upserts: 1
[07:15:49] [ORLY ÔåÉ ORLY] upserts: 1
[07:15:49] [ORMP ÔåÉ ORMP] upserts: 1
[07:15:49] [OSCR ÔåÉ OSCR] upserts: 1
[07:15:49] [OSIS ÔåÉ OSIS] upserts: 1
[07:15:49] [OTEX ÔåÉ OTEX] upserts: 1
[07:15:49] [OTLK ÔåÉ OTLK] upserts: 1
[07:15:49] [OTLY ÔåÉ OTLY] upserts: 1
[07:15:49] [OUNZ ÔåÉ OUNZ] upserts: 1
[07:15:49] [OWL ÔåÉ OWL] upserts: 1
[07:15:49] [OXLC ÔåÉ OXLC] upserts: 1
[07:15:49] [OXY ÔåÉ OXY] upserts: 1
[07:15:49] [OZK ÔåÉ OZK] upserts: 1
[07:15:49] [PAAS ÔåÉ PAAS] upserts: 1
[07:15:49] [PABU ÔåÉ PABU] upserts: 1
[07:15:49] [PAC ÔåÉ PAC] upserts: 1
[07:15:49] [PAGS ÔåÉ PAGS] upserts: 1
[07:15:49] [PAM ÔåÉ PAM] upserts: 1
[07:15:49] [PANW ÔåÉ PANW] upserts: 1
[07:15:49] [PARR ÔåÉ PARR] upserts: 1
[07:15:49] [PASG ÔåÉ PASG] upserts: 1
[07:15:49] [PATH ÔåÉ PATH] upserts: 1
[07:15:49] [PAVE ÔåÉ PAVE] upserts: 1
[07:15:49] [PAWZ ÔåÉ PAWZ] upserts: 1
[07:15:49] [PAX ÔåÉ PAX] upserts: 1
[07:15:49] [PAYC ÔåÉ PAYC] upserts: 1
[07:15:49] [PAYO ÔåÉ PAYO] upserts: 1
[07:15:49] [PAYS ÔåÉ PAYS] upserts: 1
[07:15:49] [PBA ÔåÉ PBA] upserts: 1
[07:15:49] [PBE ÔåÉ PBE] upserts: 1
[07:15:49] [PBF ÔåÉ PBF] upserts: 1
[07:15:49] [PBR ÔåÉ PBR] upserts: 1
[07:15:49] [PBT ÔåÉ PBT] upserts: 1
[07:15:49] [PCAR ÔåÉ PCAR] upserts: 1
[07:15:49] [PCEF ÔåÉ PCEF] upserts: 1
[07:15:49] [PCOR ÔåÉ PCOR] upserts: 1
[07:15:49] [PCSA ÔåÉ PCSA] upserts: 1
[07:15:49] [PCTY ÔåÉ PCTY] upserts: 1
[07:15:49] [PDBC ÔåÉ PDBC] upserts: 1
[07:15:49] [PDD ÔåÉ PDD] upserts: 1
[07:15:49] [PDFS ÔåÉ PDFS] upserts: 1
[07:15:49] [PDO ÔåÉ PDO] upserts: 1
[07:15:49] [PENN ÔåÉ PENN] upserts: 1
[07:15:49] [PEP ÔåÉ PEP] upserts: 1
[07:15:49] [PERF ÔåÉ PERF] upserts: 1
[07:15:49] [PERI ÔåÉ PERI] upserts: 1
[07:15:49] [PEY ÔåÉ PEY] upserts: 1
[07:15:49] [PFE ÔåÉ PFE] upserts: 1
[07:15:49] [PFF ÔåÉ PFF] upserts: 1
[07:15:49] [PFFD ÔåÉ PFFD] upserts: 1
[07:15:49] [PFLT ÔåÉ PFLT] upserts: 1
[07:15:49] [PG ÔåÉ PG] upserts: 1
[07:15:49] [PGC ÔåÉ PGC] upserts: 1
[07:15:49] [PGJ ÔåÉ PGJ] upserts: 1
[07:15:49] [PGNY ÔåÉ PGNY] upserts: 1
[07:15:49] [PGR ÔåÉ PGR] upserts: 1
[07:15:49] [PGX ÔåÉ PGX] upserts: 1
[07:15:49] [PGY ÔåÉ PGY] upserts: 1
[07:15:49] [PH ÔåÉ PH] upserts: 1
[07:15:49] [PHG ÔåÉ PHG] upserts: 1
[07:15:49] [PHM ÔåÉ PHM] upserts: 1
[07:15:49] [PHO ÔåÉ PHO] upserts: 1
[07:15:49] [PHR ÔåÉ PHR] upserts: 1
[07:15:49] [PHYS ÔåÉ PHYS] upserts: 1
[07:15:49] [PI ÔåÉ PI] upserts: 1
[07:15:49] [PICK ÔåÉ PICK] upserts: 1
[07:15:49] [PID ÔåÉ PID] upserts: 1
[07:15:49] [PII ÔåÉ PII] upserts: 1
[07:15:49] [PIN ÔåÉ PIN] upserts: 1
[07:15:49] [PINS ÔåÉ PINS] upserts: 1
[07:15:49] [PIPR ÔåÉ PIPR] upserts: 1
[07:15:49] [PJP ÔåÉ PJP] upserts: 1
[07:15:49] [PJT ÔåÉ PJT] upserts: 1
[07:15:49] [PKG ÔåÉ PKG] upserts: 1
[07:15:49] [PKX ÔåÉ PKX] upserts: 1
[07:15:49] [PL ÔåÉ PL] upserts: 1
[07:15:49] [PLAY ÔåÉ PLAY] upserts: 1
[07:15:49] [PLD ÔåÉ PLD] upserts: 1
[07:15:49] [PLMR ÔåÉ PLMR] upserts: 1
[07:15:49] [PLTR ÔåÉ PLTR] upserts: 1
[07:15:49] [PLTY ÔåÉ PLTY] upserts: 1
[07:15:49] [PLUG ÔåÉ PLUG] upserts: 1
[07:15:49] [PM ÔåÉ PM] upserts: 1
[07:15:49] [PML ÔåÉ PML] upserts: 1
[07:15:49] [PMT ÔåÉ PMT] upserts: 1
[07:15:49] [PMVP ÔåÉ PMVP] upserts: 1
[07:15:49] [PNNT ÔåÉ PNNT] upserts: 1
[07:15:49] [PODD ÔåÉ PODD] upserts: 1
[07:15:49] [POOL ÔåÉ POOL] upserts: 1
[07:15:49] [POR ÔåÉ POR] upserts: 1
[07:15:49] [POWL ÔåÉ POWL] upserts: 1
[07:15:49] [PPA ÔåÉ PPA] upserts: 1
[07:15:49] [PPG ÔåÉ PPG] upserts: 1
[07:15:49] [PPL ÔåÉ PPL] upserts: 1
[07:15:49] [PPLT ÔåÉ PPLT] upserts: 1
[07:15:49] [PRCH ÔåÉ PRCH] upserts: 1
[07:15:49] [PRFX ÔåÉ PRFX] upserts: 1
[07:15:49] [PRPL ÔåÉ PRPL] upserts: 1
[07:15:49] [PRU ÔåÉ PRU] upserts: 1
[07:15:49] [PRZO ÔåÉ PRZO] upserts: 1
[07:15:49] [PSA ÔåÉ PSA] upserts: 1
[07:15:49] [PSEC ÔåÉ PSEC] upserts: 1
[07:15:49] [PSK ÔåÉ PSK] upserts: 1
[07:15:49] [PSKY ÔåÉ PSKY] upserts: 1
[07:15:49] [PSNY ÔåÉ PSNY] upserts: 1
[07:15:49] [PSQ ÔåÉ PSQ] upserts: 1
[07:15:49] [PSTG ÔåÉ PSTG] upserts: 1
[07:15:49] [PSX ÔåÉ PSX] upserts: 1
[07:15:49] [PTCT ÔåÉ PTCT] upserts: 1
[07:15:49] [PTEN ÔåÉ PTEN] upserts: 1
[07:15:49] [PTIR ÔåÉ PTIR] upserts: 1
[07:15:49] [PTON ÔåÉ PTON] upserts: 1
[07:15:49] [PULS ÔåÉ PULS] upserts: 1
[07:15:49] [PVH ÔåÉ PVH] upserts: 1
[07:15:49] [PWR ÔåÉ PWR] upserts: 1
[07:15:49] [PYPL ÔåÉ PYPL] upserts: 1
[07:15:49] [PZZA ÔåÉ PZZA] upserts: 1
[07:15:49] [QAT ÔåÉ QAT] upserts: 1
[07:15:49] [QBTS ÔåÉ QBTS] upserts: 1
[07:15:49] [QCLN ÔåÉ QCLN] upserts: 1
[07:15:49] [QCOM ÔåÉ QCOM] upserts: 1
[07:15:49] [QDTE ÔåÉ QDTE] upserts: 1
[07:15:49] [QEFA ÔåÉ QEFA] upserts: 1
[07:15:49] [QETH ÔåÉ QETH] upserts: 1
[07:15:49] [QFIN ÔåÉ QFIN] upserts: 1
[07:15:49] [QGRO ÔåÉ QGRO] upserts: 1
[07:15:49] [QID ÔåÉ QID] upserts: 1
[07:15:49] [QLD ÔåÉ QLD] upserts: 1
[07:15:49] [QLTA ÔåÉ QLTA] upserts: 1
[07:15:49] [QLYS ÔåÉ QLYS] upserts: 1
[07:15:49] [QMCO ÔåÉ QMCO] upserts: 1
[07:15:49] [QQQ ÔåÉ QQQ] upserts: 1
[07:15:49] [QQQH ÔåÉ QQQH] upserts: 1
[07:15:49] [QQQI ÔåÉ QQQI] upserts: 1
[07:15:49] [QQQJ ÔåÉ QQQJ] upserts: 1
[07:15:49] [QQQM ÔåÉ QQQM] upserts: 1
[07:15:49] [QQQT ÔåÉ QQQT] upserts: 1
[07:15:49] [QQQY ÔåÉ QQQY] upserts: 1
[07:15:49] [QRVO ÔåÉ QRVO] upserts: 1
[07:15:49] [QS ÔåÉ QS] upserts: 1
[07:15:49] [QSR ÔåÉ QSR] upserts: 1
[07:15:49] [QTUM ÔåÉ QTUM] upserts: 1
[07:15:49] [QUAL ÔåÉ QUAL] upserts: 1
[07:15:49] [QUBT ÔåÉ QUBT] upserts: 1
[07:15:49] [QUS ÔåÉ QUS] upserts: 1
[07:15:49] [QVCGA ÔåÉ QVCGA] upserts: 1
[07:15:49] [QVCGP ÔåÉ QVCGP] upserts: 1
[07:15:49] [QYLD ÔåÉ QYLD] upserts: 1
[07:15:49] [R ÔåÉ R] upserts: 1
[07:15:49] [RACE ÔåÉ RACE] upserts: 1
[07:15:49] [RANI ÔåÉ RANI] upserts: 1
[07:15:49] [RBLX ÔåÉ RBLX] upserts: 1
[07:15:49] [RBOT ÔåÉ RBOT] upserts: 1
[07:15:49] [RBRK ÔåÉ RBRK] upserts: 1
[07:15:49] [RCL ÔåÉ RCL] upserts: 1
[07:15:49] [RCT ÔåÉ RCT] upserts: 1
[07:15:49] [RDDT ÔåÉ RDDT] upserts: 1
[07:15:49] [RDTE ÔåÉ RDTE] upserts: 1
[07:15:49] [REAL ÔåÉ REAL] upserts: 1
[07:15:49] [REET ÔåÉ REET] upserts: 1
[07:15:49] [REG ÔåÉ REG] upserts: 1
[07:15:49] [REGN ÔåÉ REGN] upserts: 1
[07:15:49] [REM ÔåÉ REM] upserts: 1
[07:15:49] [REMX ÔåÉ REMX] upserts: 1
[07:15:49] [RENB ÔåÉ RENB] upserts: 1
[07:15:49] [REPX ÔåÉ REPX] upserts: 1
[07:15:49] [REVG ÔåÉ REVG] upserts: 1
[07:15:49] [REZ ÔåÉ REZ] upserts: 1
[07:15:49] [RGLD ÔåÉ RGLD] upserts: 1
[07:15:49] [RGTI ÔåÉ RGTI] upserts: 1
[07:15:49] [RH ÔåÉ RH] upserts: 1
[07:15:49] [RHI ÔåÉ RHI] upserts: 1
[07:22:20] [RICK ÔåÉ RICK] upserts: 1
[07:22:20] [RIG ÔåÉ RIG] upserts: 1
[07:22:20] [RING ÔåÉ RING] upserts: 1
[07:22:20] [RIO ÔåÉ RIO] upserts: 1
[07:22:20] [RIOT ÔåÉ RIOT] upserts: 1
[07:22:20] [RIVN ÔåÉ RIVN] upserts: 1
[07:22:20] [RKLB ÔåÉ RKLB] upserts: 1
[07:22:20] [RKT ÔåÉ RKT] upserts: 1
[07:22:20] [RL ÔåÉ RL] upserts: 1
[07:22:20] [RLY ÔåÉ RLY] upserts: 1
[07:22:20] [RMBS ÔåÉ RMBS] upserts: 1
[07:22:20] [RMD ÔåÉ RMD] upserts: 1
[07:22:20] [RMNI ÔåÉ RMNI] upserts: 1
[07:22:20] [RNAZ ÔåÉ RNAZ] upserts: 1
[07:22:20] [RNG ÔåÉ RNG] upserts: 1
[07:22:20] [ROAD ÔåÉ ROAD] upserts: 1
[07:22:20] [ROBO ÔåÉ ROBO] upserts: 1
[07:22:20] [ROK ÔåÉ ROK] upserts: 1
[07:22:20] [ROKU ÔåÉ ROKU] upserts: 1
[07:22:20] [ROL ÔåÉ ROL] upserts: 1
[07:22:20] [ROOT ÔåÉ ROOT] upserts: 1
[07:22:20] [ROST ÔåÉ ROST] upserts: 1
[07:22:20] [RPAR ÔåÉ RPAR] upserts: 1
[07:22:20] [RPD ÔåÉ RPD] upserts: 1
[07:22:20] [RRC ÔåÉ RRC] upserts: 1
[07:22:20] [RS ÔåÉ RS] upserts: 1
[07:22:20] [RSG ÔåÉ RSG] upserts: 1
[07:22:20] [RSP ÔåÉ RSP] upserts: 1
[07:22:20] [RTX ÔåÉ RTX] upserts: 1
[07:22:20] [RUM ÔåÉ RUM] upserts: 1
[07:22:20] [RUN ÔåÉ RUN] upserts: 1
[07:22:20] [RVLV ÔåÉ RVLV] upserts: 1
[07:22:20] [RVYL ÔåÉ RVYL] upserts: 1
[07:22:20] [RWAY ÔåÉ RWAY] upserts: 1
[07:22:20] [RWM ÔåÉ RWM] upserts: 1
[07:22:20] [RWO ÔåÉ RWO] upserts: 1
[07:22:20] [RWR ÔåÉ RWR] upserts: 1
[07:22:20] [RWT ÔåÉ RWT] upserts: 1
[07:22:20] [RWX ÔåÉ RWX] upserts: 1
[07:22:20] [RXI ÔåÉ RXI] upserts: 1
[07:22:20] [RXRX ÔåÉ RXRX] upserts: 1
[07:22:20] [RXST ÔåÉ RXST] upserts: 1
[07:22:20] [RXT ÔåÉ RXT] upserts: 1
[07:22:20] [RY ÔåÉ RY] upserts: 1
[07:22:20] [RYLD ÔåÉ RYLD] upserts: 1
[07:22:20] [S ÔåÉ S] upserts: 1
[07:22:20] [SABR ÔåÉ SABR] upserts: 1
[07:22:20] [SAGT ÔåÉ SAGT] upserts: 1
[07:22:20] [SAIH ÔåÉ SAIH] upserts: 1
[07:22:20] [SAIL ÔåÉ SAIL] upserts: 1
[07:22:20] [SAN ÔåÉ SAN] upserts: 1
[07:22:20] [SAP ÔåÉ SAP] upserts: 1
[07:22:20] [SATL ÔåÉ SATL] upserts: 1
[07:22:20] [SATS ÔåÉ SATS] upserts: 1
[07:22:20] [SAVA ÔåÉ SAVA] upserts: 1
[07:22:20] [SBAC ÔåÉ SBAC] upserts: 1
[07:22:20] [SBET ÔåÉ SBET] upserts: 1
[07:22:20] [SBGI ÔåÉ SBGI] upserts: 1
[07:22:20] [SBLK ÔåÉ SBLK] upserts: 1
[07:22:20] [SBRA ÔåÉ SBRA] upserts: 1
[07:22:20] [SBS ÔåÉ SBS] upserts: 1
[07:22:20] [SBSW ÔåÉ SBSW] upserts: 1
[07:22:20] [SBUX ÔåÉ SBUX] upserts: 1
[07:22:20] [SCHC ÔåÉ SCHC] upserts: 1
[07:22:20] [SCHD ÔåÉ SCHD] upserts: 1
[07:22:20] [SCHG ÔåÉ SCHG] upserts: 1
[07:22:20] [SCHH ÔåÉ SCHH] upserts: 1
[07:22:20] [SCHP ÔåÉ SCHP] upserts: 1
[07:22:20] [SCHW ÔåÉ SCHW] upserts: 1
[07:22:20] [SCHY ÔåÉ SCHY] upserts: 1
[07:22:20] [SCI ÔåÉ SCI] upserts: 1
[07:22:20] [SCL ÔåÉ SCL] upserts: 1
[07:22:20] [SCM ÔåÉ SCM] upserts: 1
[07:22:20] [SCO ÔåÉ SCO] upserts: 1
[07:22:20] [SCZ ÔåÉ SCZ] upserts: 1
[07:22:20] [SDG ÔåÉ SDG] upserts: 1
[07:22:20] [SDGR ÔåÉ SDGR] upserts: 1
[07:22:20] [SDIV ÔåÉ SDIV] upserts: 1
[07:22:20] [SDOW ÔåÉ SDOW] upserts: 1
[07:22:20] [SDVY ÔåÉ SDVY] upserts: 1
[07:22:20] [SDY ÔåÉ SDY] upserts: 1
[07:22:20] [SE ÔåÉ SE] upserts: 1
[07:22:20] [SEDG ÔåÉ SEDG] upserts: 1
[07:22:20] [SEG ÔåÉ SEG] upserts: 1
[07:22:20] [SEIC ÔåÉ SEIC] upserts: 1
[07:22:20] [SENS ÔåÉ SENS] upserts: 1
[07:22:20] [SERV ÔåÉ SERV] upserts: 1
[07:22:20] [SEV ÔåÉ SEV] upserts: 1
[07:22:20] [SEZL ÔåÉ SEZL] upserts: 1
[07:22:20] [SFBS ÔåÉ SFBS] upserts: 1
[07:22:20] [SFD ÔåÉ SFD] upserts: 1
[07:22:20] [SFL ÔåÉ SFL] upserts: 1
[07:22:20] [SFM ÔåÉ SFM] upserts: 1
[07:22:20] [SG ÔåÉ SG] upserts: 1
[07:22:20] [SGHC ÔåÉ SGHC] upserts: 1
[07:22:20] [SGML ÔåÉ SGML] upserts: 1
[07:22:20] [SGMO ÔåÉ SGMO] upserts: 1
[07:22:20] [SGMT ÔåÉ SGMT] upserts: 1
[07:22:20] [SGOL ÔåÉ SGOL] upserts: 1
[07:22:20] [SGOV ÔåÉ SGOV] upserts: 1
[07:22:20] [SH ÔåÉ SH] upserts: 1
[07:22:20] [SHAK ÔåÉ SHAK] upserts: 1
[07:22:20] [SHE ÔåÉ SHE] upserts: 1
[07:22:20] [SHEL ÔåÉ SHEL] upserts: 1
[07:22:20] [SHM ÔåÉ SHM] upserts: 1
[07:22:20] [SHOP ÔåÉ SHOP] upserts: 1
[07:22:20] [SHV ÔåÉ SHV] upserts: 1
[07:22:20] [SHW ÔåÉ SHW] upserts: 1
[07:22:20] [SHY ÔåÉ SHY] upserts: 1
[07:22:20] [SHYG ÔåÉ SHYG] upserts: 1
[07:22:20] [SHYM ÔåÉ SHYM] upserts: 1
[07:22:20] [SID ÔåÉ SID] upserts: 1
[07:22:20] [SIG ÔåÉ SIG] upserts: 1
[07:22:20] [SIGA ÔåÉ SIGA] upserts: 1
[07:22:20] [SIL ÔåÉ SIL] upserts: 1
[07:22:20] [SIRI ÔåÉ SIRI] upserts: 1
[07:22:20] [SITM ÔåÉ SITM] upserts: 1
[07:22:20] [SIVR ÔåÉ SIVR] upserts: 1
[07:22:20] [SIXG ÔåÉ SIXG] upserts: 1
[07:22:20] [SIZE ÔåÉ SIZE] upserts: 1
[07:22:20] [SJM ÔåÉ SJM] upserts: 1
[07:22:20] [SJNK ÔåÉ SJNK] upserts: 1
[07:22:20] [SKIL ÔåÉ SKIL] upserts: 1
[07:22:20] [SKLZ ÔåÉ SKLZ] upserts: 1
[07:22:20] [SKT ÔåÉ SKT] upserts: 1
[07:22:20] [SKYT ÔåÉ SKYT] upserts: 1
[07:22:20] [SKYW ÔåÉ SKYW] upserts: 1
[07:22:20] [SLAB ÔåÉ SLAB] upserts: 1
[07:22:20] [SLB ÔåÉ SLB] upserts: 1
[07:22:20] [SLDB ÔåÉ SLDB] upserts: 1
[07:22:20] [SLF ÔåÉ SLF] upserts: 1
[07:22:20] [SLG ÔåÉ SLG] upserts: 1
[07:22:20] [SLI ÔåÉ SLI] upserts: 1
[07:22:20] [SLN ÔåÉ SLN] upserts: 1
[07:22:20] [SLP ÔåÉ SLP] upserts: 1
[07:22:20] [SLQD ÔåÉ SLQD] upserts: 1
[07:22:20] [SLS ÔåÉ SLS] upserts: 1
[07:22:20] [SLV ÔåÉ SLV] upserts: 1
[07:22:20] [SLVP ÔåÉ SLVP] upserts: 1
[07:22:20] [SLYG ÔåÉ SLYG] upserts: 1
[07:22:20] [SLYV ÔåÉ SLYV] upserts: 1
[07:22:20] [SMA ÔåÉ SMA] upserts: 1
[07:22:20] [SMAX ÔåÉ SMAX] upserts: 1
[07:22:20] [SMCI ÔåÉ SMCI] upserts: 1
[07:22:20] [SMCX ÔåÉ SMCX] upserts: 1
[07:22:20] [SMCY ÔåÉ SMCY] upserts: 1
[07:22:20] [SMFG ÔåÉ SMFG] upserts: 1
[07:22:20] [SMG ÔåÉ SMG] upserts: 1
[07:22:20] [SMH ÔåÉ SMH] upserts: 1
[07:22:20] [SMIN ÔåÉ SMIN] upserts: 1
[07:22:20] [SMLF ÔåÉ SMLF] upserts: 1
[07:22:20] [SMLV ÔåÉ SMLV] upserts: 1
[07:22:20] [SMMD ÔåÉ SMMD] upserts: 1
[07:22:20] [SMMV ÔåÉ SMMV] upserts: 1
[07:22:20] [SMOG ÔåÉ SMOG] upserts: 1
[07:22:20] [SMR ÔåÉ SMR] upserts: 1
[07:22:20] [SMTC ÔåÉ SMTC] upserts: 1
[07:22:20] [SMTI ÔåÉ SMTI] upserts: 1
[07:22:20] [SMWB ÔåÉ SMWB] upserts: 1
[07:22:20] [SNAP ÔåÉ SNAP] upserts: 1
[07:22:20] [SNBR ÔåÉ SNBR] upserts: 1
[07:22:20] [SNDK ÔåÉ SNDK] upserts: 1
[07:22:20] [SNDL ÔåÉ SNDL] upserts: 1
[07:22:20] [SNEX ÔåÉ SNEX] upserts: 1
[07:22:20] [SNOW ÔåÉ SNOW] upserts: 1
[07:22:20] [SNPS ÔåÉ SNPS] upserts: 1
[07:22:20] [SNSR ÔåÉ SNSR] upserts: 1
[07:22:20] [SNTI ÔåÉ SNTI] upserts: 1
[07:22:20] [SO ÔåÉ SO] upserts: 1
[07:22:20] [SOBO ÔåÉ SOBO] upserts: 1
[07:22:20] [SOCL ÔåÉ SOCL] upserts: 1
[07:22:20] [SOFI ÔåÉ SOFI] upserts: 1
[07:22:20] [SOLV ÔåÉ SOLV] upserts: 1
[07:22:20] [SONY ÔåÉ SONY] upserts: 1
[07:22:20] [SOUN ÔåÉ SOUN] upserts: 1
[07:22:20] [SOXL ÔåÉ SOXL] upserts: 1
[07:22:20] [SOXS ÔåÉ SOXS] upserts: 1
[07:22:20] [SOXX ÔåÉ SOXX] upserts: 1
[07:22:20] [SPAB ÔåÉ SPAB] upserts: 1
[07:22:20] [SPB ÔåÉ SPB] upserts: 1
[07:22:20] [SPBO ÔåÉ SPBO] upserts: 1
[07:22:20] [SPCE ÔåÉ SPCE] upserts: 1
[07:22:20] [SPDG ÔåÉ SPDG] upserts: 1
[07:22:20] [SPDW ÔåÉ SPDW] upserts: 1
[07:22:20] [SPEM ÔåÉ SPEM] upserts: 1
[07:22:20] [SPEU ÔåÉ SPEU] upserts: 1
[07:22:20] [SPFF ÔåÉ SPFF] upserts: 1
[07:22:20] [SPG ÔåÉ SPG] upserts: 1
[07:22:20] [SPGI ÔåÉ SPGI] upserts: 1
[07:22:20] [SPGM ÔåÉ SPGM] upserts: 1
[07:22:20] [SPGP ÔåÉ SPGP] upserts: 1
[07:22:20] [SPHD ÔåÉ SPHD] upserts: 1
[07:22:20] [SPHR ÔåÉ SPHR] upserts: 1
[07:22:20] [SPHY ÔåÉ SPHY] upserts: 1
[07:22:20] [SPIB ÔåÉ SPIB] upserts: 1
[07:22:20] [SPIN ÔåÉ SPIN] upserts: 1
[07:22:20] [SPIP ÔåÉ SPIP] upserts: 1
[07:22:20] [SPLB ÔåÉ SPLB] upserts: 1
[07:22:20] [SPLG ÔåÉ SPLG] upserts: 1
[07:22:20] [SPLV ÔåÉ SPLV] upserts: 1
[07:22:20] [SPMB ÔåÉ SPMB] upserts: 1
[07:22:20] [SPMD ÔåÉ SPMD] upserts: 1
[07:22:20] [SPMO ÔåÉ SPMO] upserts: 1
[07:22:20] [SPOK ÔåÉ SPOK] upserts: 1
[07:22:20] [SPOT ÔåÉ SPOT] upserts: 1
[07:22:20] [SPRO ÔåÉ SPRO] upserts: 1
[07:22:20] [SPRU ÔåÉ SPRU] upserts: 1
[07:22:20] [SPSB ÔåÉ SPSB] upserts: 1
[07:22:20] [SPSM ÔåÉ SPSM] upserts: 1
[07:22:20] [SPT ÔåÉ SPT] upserts: 1
[07:22:20] [SPTI ÔåÉ SPTI] upserts: 1
[07:22:20] [SPTL ÔåÉ SPTL] upserts: 1
[07:22:20] [SPTM ÔåÉ SPTM] upserts: 1
[07:22:20] [SPTS ÔåÉ SPTS] upserts: 1
[07:22:20] [SPXC ÔåÉ SPXC] upserts: 1
[07:22:20] [SPXL ÔåÉ SPXL] upserts: 1
[07:22:20] [SPXU ÔåÉ SPXU] upserts: 1
[07:22:20] [SPY ÔåÉ SPY] upserts: 1
[07:22:20] [SPYD ÔåÉ SPYD] upserts: 1
[07:22:20] [SPYG ÔåÉ SPYG] upserts: 1
[07:22:20] [SPYI ÔåÉ SPYI] upserts: 1
[07:22:20] [SPYT ÔåÉ SPYT] upserts: 1
[07:22:20] [SPYV ÔåÉ SPYV] upserts: 1
[07:22:20] [SPYX ÔåÉ SPYX] upserts: 1
[07:22:20] [SQM ÔåÉ SQM] upserts: 1
[07:22:20] [SQQQ ÔåÉ SQQQ] upserts: 1
[07:22:20] [SRET ÔåÉ SRET] upserts: 1
[07:22:20] [SRG ÔåÉ SRG] upserts: 1
[07:22:20] [SRLN ÔåÉ SRLN] upserts: 1
[07:22:20] [SRRK ÔåÉ SRRK] upserts: 1
[07:22:20] [SRTY ÔåÉ SRTY] upserts: 1
[07:22:20] [SSM ÔåÉ SSM] upserts: 1
[07:22:20] [SSNC ÔåÉ SSNC] upserts: 1
[07:22:20] [SSO ÔåÉ SSO] upserts: 1
[07:22:20] [SSSS ÔåÉ SSSS] upserts: 1
[07:22:20] [STAG ÔåÉ STAG] upserts: 1
[07:22:20] [STEM ÔåÉ STEM] upserts: 1
[07:22:20] [STGW ÔåÉ STGW] upserts: 1
[07:22:20] [STIP ÔåÉ STIP] upserts: 1
[07:22:20] [STLA ÔåÉ STLA] upserts: 1
[07:22:20] [STLD ÔåÉ STLD] upserts: 1
[07:22:20] [STM ÔåÉ STM] upserts: 1
[07:22:20] [STNE ÔåÉ STNE] upserts: 1
[07:22:20] [STNG ÔåÉ STNG] upserts: 1
[07:22:20] [STRK ÔåÉ STRK] upserts: 1
[07:22:20] [STWD ÔåÉ STWD] upserts: 1
[07:22:20] [STX ÔåÉ STX] upserts: 1
[07:22:20] [STXS ÔåÉ STXS] upserts: 1
[07:22:20] [STZ ÔåÉ STZ] upserts: 1
[07:22:20] [SU ÔåÉ SU] upserts: 1
[07:22:20] [SUB ÔåÉ SUB] upserts: 1
[07:22:20] [SUNS ÔåÉ SUNS] upserts: 1
[07:22:20] [SUSA ÔåÉ SUSA] upserts: 1
[07:22:20] [SUSB ÔåÉ SUSB] upserts: 1
[07:22:20] [SUSC ÔåÉ SUSC] upserts: 1
[07:22:20] [SUSL ÔåÉ SUSL] upserts: 1
[07:22:20] [SUZ ÔåÉ SUZ] upserts: 1
[07:22:20] [SVIX ÔåÉ SVIX] upserts: 1
[07:22:20] [SVOL ÔåÉ SVOL] upserts: 1
[07:22:20] [SWBI ÔåÉ SWBI] upserts: 1
[07:22:20] [SWIM ÔåÉ SWIM] upserts: 1
[07:22:20] [SWIN ÔåÉ SWIN] upserts: 1
[07:22:20] [SWK ÔåÉ SWK] upserts: 1
[07:22:20] [SWKS ÔåÉ SWKS] upserts: 1
[07:22:20] [SWX ÔåÉ SWX] upserts: 1
[07:22:20] [SYF ÔåÉ SYF] upserts: 1
[07:22:20] [SYK ÔåÉ SYK] upserts: 1
[07:22:20] [SYM ÔåÉ SYM] upserts: 1
[07:22:20] [SYY ÔåÉ SYY] upserts: 1
[07:22:20] [T ÔåÉ T] upserts: 1
[07:22:20] [TAL ÔåÉ TAL] upserts: 1
[07:22:20] [TALK ÔåÉ TALK] upserts: 1
[07:22:20] [TALO ÔåÉ TALO] upserts: 1
[07:22:20] [TAN ÔåÉ TAN] upserts: 1
[07:22:20] [TANH ÔåÉ TANH] upserts: 1
[07:22:20] [TAP ÔåÉ TAP] upserts: 1
[07:22:20] [TASK ÔåÉ TASK] upserts: 1
[07:22:20] [TBF ÔåÉ TBF] upserts: 1
[07:22:20] [TBI ÔåÉ TBI] upserts: 1
[07:22:20] [TBPH ÔåÉ TBPH] upserts: 1
[07:22:20] [TBT ÔåÉ TBT] upserts: 1
[07:22:20] [TCOM ÔåÉ TCOM] upserts: 1
[07:22:20] [TCPC ÔåÉ TCPC] upserts: 1
[07:22:20] [TCRT ÔåÉ TCRT] upserts: 1
[07:22:20] [TD ÔåÉ TD] upserts: 1
[07:22:20] [TDC ÔåÉ TDC] upserts: 1
[07:22:20] [TDIV ÔåÉ TDIV] upserts: 1
[07:22:20] [TDOC ÔåÉ TDOC] upserts: 1
[07:22:20] [TDW ÔåÉ TDW] upserts: 1
[07:22:20] [TEAM ÔåÉ TEAM] upserts: 1
[07:22:20] [TECB ÔåÉ TECB] upserts: 1
[07:22:20] [TECK ÔåÉ TECK] upserts: 1
[07:22:20] [TECL ÔåÉ TECL] upserts: 1
[07:22:20] [TECS ÔåÉ TECS] upserts: 1
[07:22:20] [TEI ÔåÉ TEI] upserts: 1
[07:22:20] [TEKX ÔåÉ TEKX] upserts: 1
[07:22:20] [TEM ÔåÉ TEM] upserts: 1
[07:22:20] [TENB ÔåÉ TENB] upserts: 1
[07:22:20] [TEO ÔåÉ TEO] upserts: 1
[07:22:20] [TER ÔåÉ TER] upserts: 1
[07:24:08] [TERN ÔåÉ TERN] upserts: 1
[07:24:08] [TETH ÔåÉ TETH] upserts: 1
[07:24:08] [TEVA ÔåÉ TEVA] upserts: 1
[07:24:08] [TFC ÔåÉ TFC] upserts: 1
[07:24:08] [TFI ÔåÉ TFI] upserts: 1
[07:24:08] [TFLO ÔåÉ TFLO] upserts: 1
[07:24:08] [TGLS ÔåÉ TGLS] upserts: 1
[07:24:08] [TGT ÔåÉ TGT] upserts: 1
[07:24:08] [TGTX ÔåÉ TGTX] upserts: 1
[07:24:08] [TH ÔåÉ TH] upserts: 1
[07:24:08] [THD ÔåÉ THD] upserts: 1
[07:24:08] [THO ÔåÉ THO] upserts: 1
[07:24:08] [THRY ÔåÉ THRY] upserts: 1
[07:24:08] [THS ÔåÉ THS] upserts: 1
[07:24:08] [TIGR ÔåÉ TIGR] upserts: 1
[07:24:08] [TIP ÔåÉ TIP] upserts: 1
[07:24:08] [TIPX ÔåÉ TIPX] upserts: 1
[07:24:08] [TIVC ÔåÉ TIVC] upserts: 1
[07:24:08] [TJX ÔåÉ TJX] upserts: 1
[07:24:08] [TKC ÔåÉ TKC] upserts: 1
[07:24:08] [TKO ÔåÉ TKO] upserts: 1
[07:24:08] [TLH ÔåÉ TLH] upserts: 1
[07:24:08] [TLRY ÔåÉ TLRY] upserts: 1
[07:24:08] [TLT ÔåÉ TLT] upserts: 1
[07:24:08] [TLTW ÔåÉ TLTW] upserts: 1
[07:24:08] [TLYS ÔåÉ TLYS] upserts: 1
[07:24:08] [TM ÔåÉ TM] upserts: 1
[07:24:08] [TMC ÔåÉ TMC] upserts: 1
[07:24:08] [TMDX ÔåÉ TMDX] upserts: 1
[07:24:08] [TME ÔåÉ TME] upserts: 1
[07:24:08] [TMF ÔåÉ TMF] upserts: 1
[07:24:08] [TMO ÔåÉ TMO] upserts: 1
[07:24:08] [TMUS ÔåÉ TMUS] upserts: 1
[07:24:08] [TMV ÔåÉ TMV] upserts: 1
[07:24:08] [TNA ÔåÉ TNA] upserts: 1
[07:24:08] [TNXP ÔåÉ TNXP] upserts: 1
[07:24:08] [TOL ÔåÉ TOL] upserts: 1
[07:24:08] [TOP ÔåÉ TOP] upserts: 1
[07:24:08] [TOST ÔåÉ TOST] upserts: 1
[07:24:08] [TOTL ÔåÉ TOTL] upserts: 1
[07:24:08] [TOUR ÔåÉ TOUR] upserts: 1
[07:24:08] [TPH ÔåÉ TPH] upserts: 1
[07:24:08] [TPL ÔåÉ TPL] upserts: 1
[07:24:08] [TPR ÔåÉ TPR] upserts: 1
[07:24:08] [TPST ÔåÉ TPST] upserts: 1
[07:24:08] [TPVG ÔåÉ TPVG] upserts: 1
[07:24:08] [TQQQ ÔåÉ TQQQ] upserts: 1
[07:24:08] [TR ÔåÉ TR] upserts: 1
[07:24:08] [TREX ÔåÉ TREX] upserts: 1
[07:24:08] [TRIN ÔåÉ TRIN] upserts: 1
[07:24:08] [TRIP ÔåÉ TRIP] upserts: 1
[07:24:08] [TRMD ÔåÉ TRMD] upserts: 1
[07:24:08] [TRNO ÔåÉ TRNO] upserts: 1
[07:24:08] [TRNS ÔåÉ TRNS] upserts: 1
[07:24:08] [TROW ÔåÉ TROW] upserts: 1
[07:24:08] [TRP ÔåÉ TRP] upserts: 1
[07:24:08] [TRS ÔåÉ TRS] upserts: 1
[07:24:08] [TRU ÔåÉ TRU] upserts: 1
[07:24:08] [TRV ÔåÉ TRV] upserts: 1
[07:24:08] [TSCO ÔåÉ TSCO] upserts: 1
[07:24:08] [TSEM ÔåÉ TSEM] upserts: 1
[07:24:08] [TSLA ÔåÉ TSLA] upserts: 1
[07:24:08] [TSLP ÔåÉ TSLP] upserts: 1
[07:24:08] [TSLT ÔåÉ TSLT] upserts: 1
[07:24:08] [TSLY ÔåÉ TSLY] upserts: 1
[07:24:08] [TSLZ ÔåÉ TSLZ] upserts: 1
[07:24:08] [TSM ÔåÉ TSM] upserts: 1
[07:24:08] [TSN ÔåÉ TSN] upserts: 1
[07:24:08] [TSYY ÔåÉ TSYY] upserts: 1
[07:24:08] [TTAM ÔåÉ TTAM] upserts: 1
[07:24:08] [TTD ÔåÉ TTD] upserts: 1
[07:24:08] [TTE ÔåÉ TTE] upserts: 1
[07:24:08] [TTEK ÔåÉ TTEK] upserts: 1
[07:24:08] [TTI ÔåÉ TTI] upserts: 1
[07:24:08] [TTT ÔåÉ TTT] upserts: 1
[07:24:08] [TTWO ÔåÉ TTWO] upserts: 1
[07:24:08] [TU ÔåÉ TU] upserts: 1
[07:24:08] [TUR ÔåÉ TUR] upserts: 1
[07:24:08] [TURB ÔåÉ TURB] upserts: 1
[07:24:08] [TUYA ÔåÉ TUYA] upserts: 1
[07:24:08] [TV ÔåÉ TV] upserts: 1
[07:24:08] [TW ÔåÉ TW] upserts: 1
[07:24:08] [TWI ÔåÉ TWI] upserts: 1
[07:24:08] [TWLO ÔåÉ TWLO] upserts: 1
[07:24:08] [TWM ÔåÉ TWM] upserts: 1
[07:24:08] [TWO ÔåÉ TWO] upserts: 1
[07:24:08] [TWST ÔåÉ TWST] upserts: 1
[07:24:08] [TX ÔåÉ TX] upserts: 1
[07:24:08] [TXN ÔåÉ TXN] upserts: 1
[07:24:08] [TXRH ÔåÉ TXRH] upserts: 1
[07:24:08] [TYL ÔåÉ TYL] upserts: 1
[07:24:08] [TZA ÔåÉ TZA] upserts: 1
[07:24:08] [U ÔåÉ U] upserts: 1
[07:24:08] [UAA ÔåÉ UAA] upserts: 1
[07:24:08] [UAE ÔåÉ UAE] upserts: 1
[07:24:08] [UAL ÔåÉ UAL] upserts: 1
[07:24:08] [UAVS ÔåÉ UAVS] upserts: 1
[07:24:08] [UBER ÔåÉ UBER] upserts: 1
[07:24:08] [UBS ÔåÉ UBS] upserts: 1
[07:24:08] [UCO ÔåÉ UCO] upserts: 1
[07:24:08] [UDMY ÔåÉ UDMY] upserts: 1
[07:24:08] [UDOW ÔåÉ UDOW] upserts: 1
[07:24:08] [UEC ÔåÉ UEC] upserts: 1
[07:24:08] [UGA ÔåÉ UGA] upserts: 1
[07:24:08] [UGI ÔåÉ UGI] upserts: 1
[07:24:08] [UHS ÔåÉ UHS] upserts: 1
[07:24:08] [UHT ÔåÉ UHT] upserts: 1
[07:24:08] [UL ÔåÉ UL] upserts: 1
[07:24:08] [ULCC ÔåÉ ULCC] upserts: 1
[07:24:08] [ULH ÔåÉ ULH] upserts: 1
[07:24:08] [ULTA ÔåÉ ULTA] upserts: 1
[07:24:08] [ULTY ÔåÉ ULTY] upserts: 1
[07:24:08] [UMC ÔåÉ UMC] upserts: 1
[07:24:08] [UMH ÔåÉ UMH] upserts: 1
[07:24:08] [UNFI ÔåÉ UNFI] upserts: 1
[07:24:08] [UNG ÔåÉ UNG] upserts: 1
[07:24:08] [UNH ÔåÉ UNH] upserts: 1
[07:24:08] [UNHG ÔåÉ UNHG] upserts: 1
[07:24:08] [UNM ÔåÉ UNM] upserts: 1
[07:24:08] [UNP ÔåÉ UNP] upserts: 1
[07:24:08] [UP ÔåÉ UP] upserts: 1
[07:24:08] [UPRO ÔåÉ UPRO] upserts: 1
[07:24:08] [UPS ÔåÉ UPS] upserts: 1
[07:24:08] [UPST ÔåÉ UPST] upserts: 1
[07:24:08] [UPWK ÔåÉ UPWK] upserts: 1
[07:24:08] [URA ÔåÉ URA] upserts: 1
[07:24:08] [URGN ÔåÉ URGN] upserts: 1
[07:24:08] [URNJ ÔåÉ URNJ] upserts: 1
[07:24:08] [URNM ÔåÉ URNM] upserts: 1
[07:24:08] [URTH ÔåÉ URTH] upserts: 1
[07:24:08] [URTY ÔåÉ URTY] upserts: 1
[07:24:08] [USA ÔåÉ USA] upserts: 1
[07:24:08] [USAU ÔåÉ USAU] upserts: 1
[07:24:08] [USB ÔåÉ USB] upserts: 1
[07:24:08] [USCI ÔåÉ USCI] upserts: 1
[07:24:08] [USCL ÔåÉ USCL] upserts: 1
[07:24:08] [USHY ÔåÉ USHY] upserts: 1
[07:24:08] [USIG ÔåÉ USIG] upserts: 1
[07:24:08] [USLM ÔåÉ USLM] upserts: 1
[07:24:08] [USMV ÔåÉ USMV] upserts: 1
[07:24:08] [USO ÔåÉ USO] upserts: 1
[07:24:08] [USOI ÔåÉ USOI] upserts: 1
[07:24:08] [USXF ÔåÉ USXF] upserts: 1
[07:24:08] [UTF ÔåÉ UTF] upserts: 1
[07:24:08] [UTHR ÔåÉ UTHR] upserts: 1
[07:24:08] [UTI ÔåÉ UTI] upserts: 1
[07:24:08] [UUP ÔåÉ UUP] upserts: 1
[07:24:08] [UUUU ÔåÉ UUUU] upserts: 1
[07:24:08] [UVIX ÔåÉ UVIX] upserts: 1
[07:24:08] [UVV ÔåÉ UVV] upserts: 1
[07:24:08] [UVXY ÔåÉ UVXY] upserts: 1
[07:24:08] [UWM ÔåÉ UWM] upserts: 1
[07:24:08] [V ÔåÉ V] upserts: 1
[07:24:08] [VAL ÔåÉ VAL] upserts: 1
[07:24:08] [VALE ÔåÉ VALE] upserts: 1
[07:24:08] [VAW ÔåÉ VAW] upserts: 1
[07:24:08] [VB ÔåÉ VB] upserts: 1
[07:24:08] [VBIL ÔåÉ VBIL] upserts: 1
[07:24:08] [VBK ÔåÉ VBK] upserts: 1
[07:24:08] [VBNK ÔåÉ VBNK] upserts: 1
[07:24:08] [VBR ÔåÉ VBR] upserts: 1
[07:24:08] [VCEL ÔåÉ VCEL] upserts: 1
[07:24:08] [VCIG ÔåÉ VCIG] upserts: 1
[07:24:08] [VCIT ÔåÉ VCIT] upserts: 1
[07:24:08] [VCLT ÔåÉ VCLT] upserts: 1
[07:24:08] [VCR ÔåÉ VCR] upserts: 1
[07:24:08] [VCSH ÔåÉ VCSH] upserts: 1
[07:24:08] [VDC ÔåÉ VDC] upserts: 1
[07:24:08] [VDE ÔåÉ VDE] upserts: 1
[07:24:08] [VEA ÔåÉ VEA] upserts: 1
[07:24:08] [VEEV ÔåÉ VEEV] upserts: 1
[07:24:08] [VEGI ÔåÉ VEGI] upserts: 1
[07:24:08] [VEU ÔåÉ VEU] upserts: 1
[07:24:08] [VFC ÔåÉ VFC] upserts: 1
[07:24:08] [VFF ÔåÉ VFF] upserts: 1
[07:24:08] [VFH ÔåÉ VFH] upserts: 1
[07:24:08] [VFLO ÔåÉ VFLO] upserts: 1
[07:24:08] [VFS ÔåÉ VFS] upserts: 1
[07:24:08] [VFVA ÔåÉ VFVA] upserts: 1
[07:24:08] [VG ÔåÉ VG] upserts: 1
[07:24:08] [VGIT ÔåÉ VGIT] upserts: 1
[07:24:08] [VGK ÔåÉ VGK] upserts: 1
[07:24:08] [VGLT ÔåÉ VGLT] upserts: 1
[07:24:08] [VGSH ÔåÉ VGSH] upserts: 1
[07:24:08] [VGT ÔåÉ VGT] upserts: 1
[07:24:08] [VGUS ÔåÉ VGUS] upserts: 1
[07:24:08] [VHT ÔåÉ VHT] upserts: 1
[07:24:08] [VICI ÔåÉ VICI] upserts: 1
[07:24:08] [VICR ÔåÉ VICR] upserts: 1
[07:24:08] [VIG ÔåÉ VIG] upserts: 1
[07:24:08] [VIGI ÔåÉ VIGI] upserts: 1
[07:24:08] [VINP ÔåÉ VINP] upserts: 1
[07:24:08] [VIOG ÔåÉ VIOG] upserts: 1
[07:24:08] [VIOO ÔåÉ VIOO] upserts: 1
[07:24:08] [VIOV ÔåÉ VIOV] upserts: 1
[07:24:08] [VIPS ÔåÉ VIPS] upserts: 1
[07:24:08] [VIR ÔåÉ VIR] upserts: 1
[07:24:08] [VIRT ÔåÉ VIRT] upserts: 1
[07:24:08] [VIS ÔåÉ VIS] upserts: 1
[07:24:08] [VIST ÔåÉ VIST] upserts: 1
[07:24:08] [VITL ÔåÉ VITL] upserts: 1
[07:24:08] [VIV ÔåÉ VIV] upserts: 1
[07:24:08] [VKTX ÔåÉ VKTX] upserts: 1
[07:24:08] [VLO ÔåÉ VLO] upserts: 1
[07:24:08] [VLRS ÔåÉ VLRS] upserts: 1
[07:24:08] [VLTO ÔåÉ VLTO] upserts: 1
[07:24:08] [VLUE ÔåÉ VLUE] upserts: 1
[07:24:08] [VMBS ÔåÉ VMBS] upserts: 1
[07:24:08] [VMD ÔåÉ VMD] upserts: 1
[07:24:08] [VNM ÔåÉ VNM] upserts: 1
[07:24:09] [VNQ ÔåÉ VNQ] upserts: 1
[07:24:09] [VNQI ÔåÉ VNQI] upserts: 1
[07:24:09] [VO ÔåÉ VO] upserts: 1
[07:24:09] [VOD ÔåÉ VOD] upserts: 1
[07:24:09] [VOE ÔåÉ VOE] upserts: 1
[07:24:09] [VONE ÔåÉ VONE] upserts: 1
[07:24:09] [VONG ÔåÉ VONG] upserts: 1
[07:24:09] [VONV ÔåÉ VONV] upserts: 1
[07:24:09] [VOO ÔåÉ VOO] upserts: 1
[07:24:09] [VOOG ÔåÉ VOOG] upserts: 1
[07:24:09] [VOOV ÔåÉ VOOV] upserts: 1
[07:24:09] [VOT ÔåÉ VOT] upserts: 1
[07:24:09] [VOX ÔåÉ VOX] upserts: 1
[07:24:09] [VPL ÔåÉ VPL] upserts: 1
[07:24:09] [VPU ÔåÉ VPU] upserts: 1
[07:24:09] [VRA ÔåÉ VRA] upserts: 1
[07:24:09] [VRCA ÔåÉ VRCA] upserts: 1
[07:24:09] [VRNS ÔåÉ VRNS] upserts: 1
[07:24:09] [VRRM ÔåÉ VRRM] upserts: 1
[07:24:09] [VRSK ÔåÉ VRSK] upserts: 1
[07:24:09] [VRSN ÔåÉ VRSN] upserts: 1
[07:24:09] [VRT ÔåÉ VRT] upserts: 1
[07:24:09] [VRTX ÔåÉ VRTX] upserts: 1
[07:24:09] [VSAT ÔåÉ VSAT] upserts: 1
[07:24:09] [VSCO ÔåÉ VSCO] upserts: 1
[07:24:09] [VSGX ÔåÉ VSGX] upserts: 1
[07:24:09] [VSH ÔåÉ VSH] upserts: 1
[07:24:09] [VSS ÔåÉ VSS] upserts: 1
[07:24:09] [VST ÔåÉ VST] upserts: 1
[07:24:09] [VT ÔåÉ VT] upserts: 1
[07:24:09] [VTC ÔåÉ VTC] upserts: 1
[07:24:09] [VTEB ÔåÉ VTEB] upserts: 1
[07:24:09] [VTHR ÔåÉ VTHR] upserts: 1
[07:24:09] [VTI ÔåÉ VTI] upserts: 1
[07:24:09] [VTIP ÔåÉ VTIP] upserts: 1
[07:24:09] [VTR ÔåÉ VTR] upserts: 1
[07:24:09] [VTV ÔåÉ VTV] upserts: 1
[07:24:09] [VTWG ÔåÉ VTWG] upserts: 1
[07:24:09] [VTWO ÔåÉ VTWO] upserts: 1
[07:24:09] [VTWV ÔåÉ VTWV] upserts: 1
[07:24:09] [VUG ÔåÉ VUG] upserts: 1
[07:24:09] [VUSB ÔåÉ VUSB] upserts: 1
[07:24:09] [VV ÔåÉ VV] upserts: 1
[07:24:09] [VVOS ÔåÉ VVOS] upserts: 1
[07:24:09] [VWO ÔåÉ VWO] upserts: 1
[07:24:09] [VWOB ÔåÉ VWOB] upserts: 1
[07:24:09] [VXF ÔåÉ VXF] upserts: 1
[07:24:09] [VXUS ÔåÉ VXUS] upserts: 1
[07:24:09] [VXX ÔåÉ VXX] upserts: 1
[07:24:09] [VYM ÔåÉ VYM] upserts: 1
[07:24:09] [VYMI ÔåÉ VYMI] upserts: 1
[07:24:09] [VZ ÔåÉ VZ] upserts: 1
[07:24:09] [W ÔåÉ W] upserts: 1
[07:24:09] [WAL ÔåÉ WAL] upserts: 1
[07:24:09] [WB ÔåÉ WB] upserts: 1
[07:24:09] [WBD ÔåÉ WBD] upserts: 1
[07:24:09] [WCLD ÔåÉ WCLD] upserts: 1
[07:24:09] [WCN ÔåÉ WCN] upserts: 1
[07:24:09] [WDC ÔåÉ WDC] upserts: 1
[07:24:09] [WDFC ÔåÉ WDFC] upserts: 1
[07:24:09] [WDIV ÔåÉ WDIV] upserts: 1
[07:24:09] [WDS ÔåÉ WDS] upserts: 1
[07:24:09] [WDTE ÔåÉ WDTE] upserts: 1
[07:24:09] [WEAT ÔåÉ WEAT] upserts: 1
[07:24:09] [WEAV ÔåÉ WEAV] upserts: 1
[07:24:09] [WEED ÔåÉ WEED] upserts: 1
[07:24:09] [WELL ÔåÉ WELL] upserts: 1
[07:24:09] [WEN ÔåÉ WEN] upserts: 1
[07:24:09] [WEX ÔåÉ WEX] upserts: 1
[07:24:09] [WFC ÔåÉ WFC] upserts: 1
[07:24:09] [WFG ÔåÉ WFG] upserts: 1
[07:24:09] [WFRD ÔåÉ WFRD] upserts: 1
[07:24:09] [WGMI ÔåÉ WGMI] upserts: 1
[07:24:09] [WGS ÔåÉ WGS] upserts: 1
[07:24:09] [WHR ÔåÉ WHR] upserts: 1
[07:24:09] [WING ÔåÉ WING] upserts: 1
[07:24:09] [WIP ÔåÉ WIP] upserts: 1
[07:24:09] [WIX ÔåÉ WIX] upserts: 1
[07:24:09] [WKHS ÔåÉ WKHS] upserts: 1
[07:24:09] [WM ÔåÉ WM] upserts: 1
[07:24:09] [WMG ÔåÉ WMG] upserts: 1
[07:24:09] [WMS ÔåÉ WMS] upserts: 1
[07:24:09] [WMT ÔåÉ WMT] upserts: 1
[07:24:09] [WNW ÔåÉ WNW] upserts: 1
[07:24:09] [WOOD ÔåÉ WOOD] upserts: 1
[07:24:09] [WOOF ÔåÉ WOOF] upserts: 1
[07:24:09] [WPC ÔåÉ WPC] upserts: 1
[07:24:09] [WPM ÔåÉ WPM] upserts: 1
[07:24:09] [WPP ÔåÉ WPP] upserts: 1
[07:24:09] [WRAP ÔåÉ WRAP] upserts: 1
[07:24:09] [WSM ÔåÉ WSM] upserts: 1
[07:24:09] [WSO ÔåÉ WSO] upserts: 1
[07:24:09] [WST ÔåÉ WST] upserts: 1
[07:24:09] [WTBA ÔåÉ WTBA] upserts: 1
[07:24:09] [WTF ÔåÉ WTF] upserts: 1
[07:24:09] [WTI ÔåÉ WTI] upserts: 1
[07:24:09] [WU ÔåÉ WU] upserts: 1
[07:24:09] [WULF ÔåÉ WULF] upserts: 1
[07:24:09] [WWW ÔåÉ WWW] upserts: 1
[07:24:09] [WYNN ÔåÉ WYNN] upserts: 1
[07:24:09] [XAR ÔåÉ XAR] upserts: 1
[07:24:09] [XBI ÔåÉ XBI] upserts: 1
[07:24:09] [XBTY ÔåÉ XBTY] upserts: 1
[07:24:09] [XCNY ÔåÉ XCNY] upserts: 1
[07:24:09] [XDTE ÔåÉ XDTE] upserts: 1
[07:24:09] [XES ÔåÉ XES] upserts: 1
[07:24:09] [XHB ÔåÉ XHB] upserts: 1
[07:24:09] [XHE ÔåÉ XHE] upserts: 1
[07:24:09] [XHS ÔåÉ XHS] upserts: 1
[07:24:09] [XIFR ÔåÉ XIFR] upserts: 1
[07:24:09] [XITK ÔåÉ XITK] upserts: 1
[07:24:09] [XLB ÔåÉ XLB] upserts: 1
[07:24:09] [XLC ÔåÉ XLC] upserts: 1
[07:24:09] [XLE ÔåÉ XLE] upserts: 1
[07:24:09] [XLF ÔåÉ XLF] upserts: 1
[07:24:09] [XLG ÔåÉ XLG] upserts: 1
[07:24:09] [XLI ÔåÉ XLI] upserts: 1
[07:24:09] [XLK ÔåÉ XLK] upserts: 1
[07:24:09] [XLP ÔåÉ XLP] upserts: 1
[07:24:09] [XLRE ÔåÉ XLRE] upserts: 1
[07:24:09] [XLSR ÔåÉ XLSR] upserts: 1
[07:24:09] [XLU ÔåÉ XLU] upserts: 1
[07:24:09] [XLV ÔåÉ XLV] upserts: 1
[07:24:09] [XLY ÔåÉ XLY] upserts: 1
[07:24:09] [XME ÔåÉ XME] upserts: 1
[07:24:09] [XMHQ ÔåÉ XMHQ] upserts: 1
[07:24:09] [XMMO ÔåÉ XMMO] upserts: 1
[07:24:09] [XNTK ÔåÉ XNTK] upserts: 1
[07:24:09] [XOM ÔåÉ XOM] upserts: 1
[07:24:09] [XOMO ÔåÉ XOMO] upserts: 1
[07:24:09] [XOP ÔåÉ XOP] upserts: 1
[07:24:09] [XOS ÔåÉ XOS] upserts: 1
[07:24:09] [XOVR ÔåÉ XOVR] upserts: 1
[07:24:09] [XP ÔåÉ XP] upserts: 1
[07:24:09] [XPEL ÔåÉ XPEL] upserts: 1
[07:24:09] [XPEV ÔåÉ XPEV] upserts: 1
[07:24:09] [XPH ÔåÉ XPH] upserts: 1
[07:24:09] [XRAY ÔåÉ XRAY] upserts: 1
[07:24:09] [XRT ÔåÉ XRT] upserts: 1
[07:24:09] [XRX ÔåÉ XRX] upserts: 1
[07:24:09] [XSD ÔåÉ XSD] upserts: 1
[07:24:09] [XSW ÔåÉ XSW] upserts: 1
[07:24:09] [XT ÔåÉ XT] upserts: 1
[07:24:09] [XTIA ÔåÉ XTIA] upserts: 1
[07:24:09] [XTL ÔåÉ XTL] upserts: 1
[07:24:09] [XTN ÔåÉ XTN] upserts: 1
[07:24:09] [XXII ÔåÉ XXII] upserts: 1
[07:24:09] [XYL ÔåÉ XYL] upserts: 1
[07:24:09] [XYLD ÔåÉ XYLD] upserts: 1
[07:24:09] [XYZ ÔåÉ XYZ] upserts: 1
[07:24:09] [YANG ÔåÉ YANG] upserts: 1
[07:24:09] [YBIT ÔåÉ YBIT] upserts: 1
[07:24:09] [YBTC ÔåÉ YBTC] upserts: 1
[07:24:09] [YETI ÔåÉ YETI] upserts: 1
[07:24:09] [YEXT ÔåÉ YEXT] upserts: 1
[07:24:09] [YI ÔåÉ YI] upserts: 1
[07:24:09] [YINN ÔåÉ YINN] upserts: 1
[07:24:09] [YMAG ÔåÉ YMAG] upserts: 1
[07:24:09] [YMAX ÔåÉ YMAX] upserts: 1
[07:24:09] [YMM ÔåÉ YMM] upserts: 1
[07:24:09] [YOLO ÔåÉ YOLO] upserts: 1
[07:24:09] [YOU ÔåÉ YOU] upserts: 1
[07:24:09] [YPF ÔåÉ YPF] upserts: 1
[07:24:09] [YRD ÔåÉ YRD] upserts: 1
[07:24:09] [YUM ÔåÉ YUM] upserts: 1
[07:24:09] [YUMC ÔåÉ YUMC] upserts: 1
[07:24:09] [YYAI ÔåÉ YYAI] upserts: 1
[07:24:09] [YYY ÔåÉ YYY] upserts: 1
[07:24:09] [Z ÔåÉ Z] upserts: 1
[07:24:09] [ZAP ÔåÉ ZAP] upserts: 1
[07:24:09] [ZBRA ÔåÉ ZBRA] upserts: 1
[07:24:09] [ZENV ÔåÉ ZENV] upserts: 1
[07:24:09] [ZETA ÔåÉ ZETA] upserts: 1
[07:24:09] [ZG ÔåÉ ZG] upserts: 1
[07:24:09] [ZGN ÔåÉ ZGN] upserts: 1
[07:24:09] [ZIM ÔåÉ ZIM] upserts: 1
[07:24:09] [ZION ÔåÉ ZION] upserts: 1
[07:24:09] [ZM ÔåÉ ZM] upserts: 1
[07:24:09] [ZS ÔåÉ ZS] upserts: 1
[07:24:09] [ZTS ÔåÉ ZTS] upserts: 1
[07:24:09] [ZYME ÔåÉ ZYME] upserts: 1
[07:24:09] 
[07:24:09] Resumen ÔåÆ Ô£à actualizados:2503 | ÔÅ¡´©Å saltados:14 | ÔÜá´©Å errores:0
[07:24:09] 
[07:24:09] Update exit code: 0
[07:24:09] --- Running --scores ---
[07:30:19] ­ƒº« Calculando scores avanzados...
[07:30:19]   [1/7] Descargando precios recientes...
[07:30:19]     [25.7s] 640,506 filas, 2518 s├¡mbolos cargados
[07:30:19]   [2/7] Calculando m├®tricas por s├¡mbolo...
[07:30:19]     [8.3s] m├®tricas calculadas para 2518 s├¡mbolos
[07:30:19]   [3/7] Calculando relative strength vs SPY...
[07:30:19]     [0.0s] relative strength calculado
[07:30:19]   [4/7] Calculando liquidity score...
[07:30:19]     [0.0s] liquidity score calculado
[07:30:19]   [5/7] Normalizando por percentil...
[07:30:19]     [0.0s] percentil calculado
[07:30:19]   [6/7] Calculando score final (vectorizado)...
[07:30:19]     [0.0s] score final calculado
[07:30:19]   [7/7] Asignando buckets e insertando en DB...
[07:30:19]        Insertando 2517 scores en scores_daily...
[07:30:19]     [335.2s] Ô£à 2517 scores upserted en total
[07:30:19] Scores exit code: 0
[07:30:19] === Daily ETL done ===
